Log file open, 08/26/22 14:48:19
LogWindows: Failed to load 'aqProf.dll' (GetLastError=126)
LogWindows: File 'aqProf.dll' does not exist
LogWindows: Failed to load 'VtuneApi.dll' (GetLastError=126)
LogWindows: File 'VtuneApi.dll' does not exist
LogWindows: Failed to load 'VtuneApi32e.dll' (GetLastError=126)
LogWindows: File 'VtuneApi32e.dll' does not exist
LogConsoleResponse: Display: Failed to find resolution value strings in scalability ini. Falling back to default.
LogConsoleResponse: Display: Failed to find resolution value strings in scalability ini. Falling back to default.
LogPakFile: Display: Found Pak file ../../../MobileTPS/Content/Paks/MobileTPS-WindowsNoEditor.pak attempting to mount.
LogPakFile: Display: Mounting pak file ../../../MobileTPS/Content/Paks/MobileTPS-WindowsNoEditor.pak.
LogPakFile: PakFile PrimaryIndexSize=50678
LogPakFile: PakFile PathHashIndexSize=60741
LogPakFile: PakFile FullDirectoryIndexSize=100551
LogShaderLibrary: Display: ShaderCodeLibraryPakFileMountedCallback: PakFile '../../../MobileTPS/Content/Paks/MobileTPS-WindowsNoEditor.pak' (chunk index -1, root '../../../') mounted
LogShaderLibrary: Display: ShaderCodeLibraryPakFileMountedCallback: pending pak file info (ChunkID:-1 Root:../../../ File:../../../MobileTPS/Content/Paks/MobileTPS-WindowsNoEditor.pak)
LogPakFile: OnPakFileMounted2Time == 0.000061
LogPlatformFile: Not using cached read wrapper
LogTaskGraph: Started task graph with 5 named threads and 47 total threads with 3 sets of task threads.
LogStats: Stats thread started at 0.083348
LogICUInternationalization: ICU TimeZone Detection - Raw Offset: +8:00, Platform Override: ''
LogInit: Display: Loading text-based GConfig....
LogPluginManager: Mounting plugin Water
LogPluginManager: Mounting plugin Landmass
LogPluginManager: Mounting plugin Niagara
LogPluginManager: Mounting plugin PythonScriptPlugin
LogPluginManager: Mounting plugin GeometryProcessing
LogPluginManager: Mounting plugin BlueprintMaterialTextureNodes
LogPluginManager: Mounting plugin Paper2D
LogPluginManager: Mounting plugin AISupport
LogPluginManager: Mounting plugin EnvironmentQueryEditor
LogPluginManager: Mounting plugin LightPropagationVolume
LogPluginManager: Mounting plugin CameraShakePreviewer
LogPluginManager: Mounting plugin GameplayCameras
LogPluginManager: Mounting plugin TemplateSequence
LogPluginManager: Mounting plugin LevelSequenceEditor
LogPluginManager: Mounting plugin OodleData
LogPluginManager: Mounting plugin OodleNetwork
LogPluginManager: Mounting plugin AnimationSharing
LogPluginManager: Mounting plugin SignificanceManager
LogPluginManager: Mounting plugin PixWinPlugin
LogPluginManager: Mounting plugin PluginUtils
LogPluginManager: Mounting plugin PropertyAccessEditor
LogPluginManager: Mounting plugin UObjectPlugin
LogPluginManager: Mounting plugin AssetManagerEditor
LogPluginManager: Mounting plugin FacialAnimation
LogPluginManager: Mounting plugin GeometryMode
LogPluginManager: Mounting plugin SpeedTreeImporter
LogPluginManager: Mounting plugin DatasmithContent
LogPluginManager: Mounting plugin VariantManagerContent
LogPluginManager: Mounting plugin AlembicImporter
LogPluginManager: Mounting plugin GeometryCache
LogPluginManager: Mounting plugin AutomationUtils
LogPluginManager: Mounting plugin ScreenshotTools
LogPluginManager: Mounting plugin BackChannel
LogPluginManager: Mounting plugin ChaosClothEditor
LogPluginManager: Mounting plugin ChaosCloth
LogPluginManager: Mounting plugin ChaosEditor
LogPluginManager: Mounting plugin PlanarCut
LogPluginManager: Mounting plugin EditableMesh
LogPluginManager: Mounting plugin GeometryCollectionPlugin
LogPluginManager: Mounting plugin ProceduralMeshComponent
LogPluginManager: Mounting plugin ChaosSolverPlugin
LogPluginManager: Mounting plugin ChaosNiagara
LogPluginManager: Mounting plugin CharacterAI
LogPluginManager: Mounting plugin MotoSynth
LogPluginManager: Mounting plugin OpenImageDenoise
LogPluginManager: Mounting plugin PlatformCrypto
LogPluginManager: Mounting plugin MagicLeapPassableWorld
LogPluginManager: Mounting plugin MagicLeap
LogPluginManager: Mounting plugin MLSDK
LogPluginManager: Mounting plugin MagicLeapLightEstimation
LogPluginManager: Mounting plugin AvfMedia
LogPluginManager: Mounting plugin ImgMedia
LogPluginManager: Mounting plugin MediaCompositing
LogPluginManager: Mounting plugin WmfMedia
LogPluginManager: Mounting plugin MeshPainting
LogPluginManager: Mounting plugin TcpMessaging
LogPluginManager: Mounting plugin UdpMessaging
LogPluginManager: Mounting plugin ActorSequence
LogPluginManager: Mounting plugin MatineeToLevelSequence
LogPluginManager: Mounting plugin OnlineSubsystemNull
LogPluginManager: Mounting plugin OnlineSubsystem
LogPluginManager: Mounting plugin OnlineSubsystemUtils
LogPluginManager: Mounting plugin LauncherChunkInstaller
LogPluginManager: Mounting plugin ActorLayerUtilities
LogPluginManager: Mounting plugin AndroidPermission
LogPluginManager: Mounting plugin AppleImageUtils
LogPluginManager: Mounting plugin ArchVisCharacter
LogPluginManager: Mounting plugin AssetTags
LogPluginManager: Mounting plugin AudioCapture
LogPluginManager: Mounting plugin CableComponent
LogPluginManager: Mounting plugin ChunkDownloader
LogPluginManager: Mounting plugin CustomMeshComponent
LogPluginManager: Mounting plugin ExampleDeviceProfileSelector
LogPluginManager: Mounting plugin GooglePAD
LogPluginManager: Mounting plugin LocationServicesBPLibrary
LogPluginManager: Mounting plugin MobilePatchingUtils
LogPluginManager: Mounting plugin OculusVR
LogPluginManager: Mounting plugin OpenXREyeTracker
LogPluginManager: Mounting plugin OpenXR
LogPluginManager: Mounting plugin OpenXRHandTracking
LogPluginManager: Mounting plugin LiveLink
LogPluginManager: Mounting plugin Takes
LogPluginManager: Mounting plugin PhysXVehicles
LogPluginManager: Mounting plugin RuntimePhysXCooking
LogPluginManager: Mounting plugin SoundFields
LogPluginManager: Mounting plugin SteamVR
LogPluginManager: Mounting plugin Synthesis
LogPluginManager: Mounting plugin AudioSynesthesia
LogPluginManager: Mounting plugin WebMMoviePlayer
LogPluginManager: Mounting plugin WebMMedia
LogPluginManager: Mounting plugin WindowsMoviePlayer
PixWinPlugin: PIX capture plugin failed to initialize! Check that the process is launched from PIX.
LogLuminAPIImpl: Warning: MLSDK not found.  This likely means the MLSDK environment variable is not set.
LogInit: Using libcurl 7.55.1-DEV
LogInit:  - built for x86_64-pc-win32
LogInit:  - supports SSL with OpenSSL/1.1.1
LogInit:  - supports HTTP deflate (compression) using libz 1.2.8
LogInit:  - other features:
LogInit:      CURL_VERSION_SSL
LogInit:      CURL_VERSION_LIBZ
LogInit:      CURL_VERSION_IPV6
LogInit:      CURL_VERSION_ASYNCHDNS
LogInit:      CURL_VERSION_LARGEFILE
LogInit:      CURL_VERSION_IDN
LogInit:  CurlRequestOptions (configurable via config and command line):
LogInit:  - bVerifyPeer = true  - Libcurl will verify peer certificate
LogInit:  - bUseHttpProxy = false  - Libcurl will NOT use HTTP proxy
LogInit:  - bDontReuseConnections = false  - Libcurl will reuse connections
LogInit:  - MaxHostConnections = 16  - Libcurl will limit the number of connections to a host
LogInit:  - LocalHostAddr = Default
LogInit:  - BufferSize = 65536
LogOnline: OSS: Creating online subsystem instance for: NULL
LogInit: WinSock: version 1.1 (2.2), MaxSocks=32767, MaxUdp=65467
LogOnline: OSS: TryLoadSubsystemAndSetDefault: Loaded subsystem for module [NULL]
LogOculusPluginWrapper: OculusPlugin initialized successfully
LogHMD: Failed initializing OVRPlugin 1.59.0
LogInit: Build: ++UE4+Release-4.27-CL-0
LogInit: Engine Version: 4.27.2-0+++UE4+Release-4.27
LogInit: Compatible Engine Version: 4.27.0-0+++UE4+Release-4.27
LogInit: Net CL: 0
LogInit: OS: Windows 10 (Release 2009) (), CPU: AMD Ryzen 7 5800H with Radeon Graphics         , GPU: NVIDIA GeForce RTX 3060 Laptop GPU
LogInit: Compiled (64-bit): Aug 25 2022 21:39:32
LogInit: Compiled with Visual C++: 19.29.30146.00
LogInit: Build Configuration: Development
LogInit: Branch Name: ++UE4+Release-4.27
LogInit: Command Line: 
LogInit: Base Directory: E:/UEProject/WindowsNoEditor/WindowsNoEditor/MobileTPS/Binaries/Win64/
LogInit: Allocator: binned2
LogInit: Installed Engine Build: 0
LogDevObjectVersion: Number of dev versions registered: 29
LogDevObjectVersion:   Dev-Blueprints (B0D832E4-1F89-4F0D-ACCF-7EB736FD4AA2): 10
LogDevObjectVersion:   Dev-Build (E1C64328-A22C-4D53-A36C-8E866417BD8C): 0
LogDevObjectVersion:   Dev-Core (375EC13C-06E4-48FB-B500-84F0262A717E): 4
LogDevObjectVersion:   Dev-Editor (E4B068ED-F494-42E9-A231-DA0B2E46BB41): 40
LogDevObjectVersion:   Dev-Framework (CFFC743F-43B0-4480-9391-14DF171D2073): 37
LogDevObjectVersion:   Dev-Mobile (B02B49B5-BB20-44E9-A304-32B752E40360): 3
LogDevObjectVersion:   Dev-Networking (A4E4105C-59A1-49B5-A7C5-40C4547EDFEE): 0
LogDevObjectVersion:   Dev-Online (39C831C9-5AE6-47DC-9A44-9C173E1C8E7C): 0
LogDevObjectVersion:   Dev-Physics (78F01B33-EBEA-4F98-B9B4-84EACCB95AA2): 14
LogDevObjectVersion:   Dev-Platform (6631380F-2D4D-43E0-8009-CF276956A95A): 0
LogDevObjectVersion:   Dev-Rendering (12F88B9F-8875-4AFC-A67C-D90C383ABD29): 45
LogDevObjectVersion:   Dev-Sequencer (7B5AE74C-D270-4C10-A958-57980B212A5A): 13
LogDevObjectVersion:   Dev-VR (D7296918-1DD6-4BDD-9DE2-64A83CC13884): 3
LogDevObjectVersion:   Dev-LoadTimes (C2A15278-BFE7-4AFE-6C17-90FF531DF755): 1
LogDevObjectVersion:   Private-Geometry (6EACA3D4-40EC-4CC1-B786-8BED09428FC5): 3
LogDevObjectVersion:   Dev-AnimPhys (29E575DD-E0A3-4627-9D10-D276232CDCEA): 17
LogDevObjectVersion:   Dev-Anim (AF43A65D-7FD3-4947-9873-3E8ED9C1BB05): 15
LogDevObjectVersion:   Dev-ReflectionCapture (6B266CEC-1EC7-4B8F-A30B-E4D90942FC07): 1
LogDevObjectVersion:   Dev-Automation (0DF73D61-A23F-47EA-B727-89E90C41499A): 1
LogDevObjectVersion:   FortniteMain (601D1886-AC64-4F84-AA16-D3DE0DEAC7D6): 47
LogDevObjectVersion:   FortniteRelease (E7086368-6B23-4C58-8439-1B7016265E91): 1
LogDevObjectVersion:   Dev-Enterprise (9DFFBCD6-494F-0158-E221-12823C92A888): 10
LogDevObjectVersion:   Dev-Niagara (F2AED0AC-9AFE-416F-8664-AA7FFA26D6FC): 1
LogDevObjectVersion:   Dev-Destruction (174F1F0B-B4C6-45A5-B13F-2EE8D0FB917D): 10
LogDevObjectVersion:   Dev-Physics-Ext (35F94A83-E258-406C-A318-09F59610247C): 41
LogDevObjectVersion:   Dev-PhysicsMaterial-Chaos (B68FC16E-8B1B-42E2-B453-215C058844FE): 1
LogDevObjectVersion:   Dev-CineCamera (B2E18506-4273-CFC2-A54E-F4BB758BBA07): 1
LogDevObjectVersion:   Dev-VirtualProduction (64F58936-FD1B-42BA-BA96-7289D5D0FA4E): 1
LogDevObjectVersion:   Dev-MediaFramework (6F0ED827-A609-4895-9C91-998D90180EA4): 2
LogInit: Presizing for max 2097152 objects, including 1 objects not considered by GC, pre-allocating 0 bytes for permanent pool.
LogConfig: Applying CVar settings from Section [/Script/Engine.StreamingSettings] File [../../../MobileTPS/Saved/Config/WindowsNoEditor/Engine.ini]
LogConfig: Setting CVar [[s.MinBulkDataSizeForAsyncLoading:131072]]
LogConfig: Setting CVar [[s.AsyncLoadingThreadEnabled:0]]
LogConfig: Setting CVar [[s.EventDrivenLoaderEnabled:1]]
LogConfig: Setting CVar [[s.WarnIfTimeLimitExceeded:0]]
LogConfig: Setting CVar [[s.TimeLimitExceededMultiplier:1.5]]
LogConfig: Setting CVar [[s.TimeLimitExceededMinTime:0.005]]
LogConfig: Setting CVar [[s.UseBackgroundLevelStreaming:1]]
LogConfig: Setting CVar [[s.PriorityAsyncLoadingExtraTime:15.0]]
LogConfig: Setting CVar [[s.LevelStreamingActorsUpdateTimeLimit:5.0]]
LogConfig: Setting CVar [[s.PriorityLevelStreamingActorsUpdateExtraTime:5.0]]
LogConfig: Setting CVar [[s.LevelStreamingComponentsRegistrationGranularity:10]]
LogConfig: Setting CVar [[s.UnregisterComponentsTimeLimit:1.0]]
LogConfig: Setting CVar [[s.LevelStreamingComponentsUnregistrationGranularity:5]]
LogConfig: Setting CVar [[s.FlushStreamingOnExit:1]]
LogStreaming: Display: Async Loading initialized: Event Driven Loader: true, Async Loading Thread: false, Async Post Load: true
LogInit: Object subsystem initialized
LogConfig: Setting CVar [[con.DebugEarlyDefault:1]]
LogConfig: Setting CVar [[r.setres:1280x720]]
LogConfig: Setting CVar [[fx.NiagaraAllowRuntimeScalabilityChanges:1]]
[2022.08.26-06.48.19:222][  0]LogConfig: Setting CVar [[con.DebugEarlyDefault:1]]
[2022.08.26-06.48.19:222][  0]LogConfig: Setting CVar [[r.setres:1280x720]]
[2022.08.26-06.48.19:222][  0]LogConfig: Setting CVar [[fx.NiagaraAllowRuntimeScalabilityChanges:1]]
[2022.08.26-06.48.19:222][  0]LogConfig: Applying CVar settings from Section [/Script/Engine.RendererSettings] File [../../../MobileTPS/Saved/Config/WindowsNoEditor/Engine.ini]
[2022.08.26-06.48.19:222][  0]LogConfig: Setting CVar [[r.GPUCrashDebugging:0]]
[2022.08.26-06.48.19:222][  0]LogConfig: Setting CVar [[r.Mobile.DisableVertexFog:1]]
[2022.08.26-06.48.19:222][  0]LogConfig: Setting CVar [[r.Shadow.CSM.MaxMobileCascades:2]]
[2022.08.26-06.48.19:222][  0]LogConfig: Setting CVar [[r.MobileMSAA:1]]
[2022.08.26-06.48.19:222][  0]LogConfig: Setting CVar [[r.Mobile.AllowDitheredLODTransition:0]]
[2022.08.26-06.48.19:222][  0]LogConfig: Setting CVar [[r.Mobile.AllowSoftwareOcclusion:0]]
[2022.08.26-06.48.19:222][  0]LogConfig: Setting CVar [[r.Mobile.VirtualTextures:0]]
[2022.08.26-06.48.19:222][  0]LogConfig: Setting CVar [[r.DiscardUnusedQuality:0]]
[2022.08.26-06.48.19:222][  0]LogConfig: Setting CVar [[r.AllowOcclusionQueries:1]]
[2022.08.26-06.48.19:222][  0]LogConfig: Setting CVar [[r.MinScreenRadiusForLights:0.030000]]
[2022.08.26-06.48.19:222][  0]LogConfig: Setting CVar [[r.MinScreenRadiusForDepthPrepass:0.030000]]
[2022.08.26-06.48.19:222][  0]LogConfig: Setting CVar [[r.MinScreenRadiusForCSMDepth:0.010000]]
[2022.08.26-06.48.19:222][  0]LogConfig: Setting CVar [[r.PrecomputedVisibilityWarning:0]]
[2022.08.26-06.48.19:222][  0]LogConfig: Setting CVar [[r.TextureStreaming:1]]
[2022.08.26-06.48.19:222][  0]LogConfig: Setting CVar [[Compat.UseDXT5NormalMaps:0]]
[2022.08.26-06.48.19:222][  0]LogConfig: Setting CVar [[r.VirtualTextures:0]]
[2022.08.26-06.48.19:222][  0]LogConfig: Setting CVar [[r.VT.EnableAutoImport:1]]
[2022.08.26-06.48.19:222][  0]LogConfig: Setting CVar [[r.VirtualTexturedLightmaps:0]]
[2022.08.26-06.48.19:223][  0]LogConfig: Setting CVar [[r.VT.TileSize:128]]
[2022.08.26-06.48.19:223][  0]LogConfig: Setting CVar [[r.VT.TileBorderSize:4]]
[2022.08.26-06.48.19:223][  0]LogConfig: Setting CVar [[r.vt.FeedbackFactor:16]]
[2022.08.26-06.48.19:223][  0]LogConfig: Setting CVar [[r.VT.EnableCompressZlib:1]]
[2022.08.26-06.48.19:223][  0]LogConfig: Setting CVar [[r.VT.EnableCompressCrunch:0]]
[2022.08.26-06.48.19:223][  0]LogConfig: Setting CVar [[r.ClearCoatNormal:0]]
[2022.08.26-06.48.19:223][  0]LogConfig: Setting CVar [[r.ReflectionCaptureResolution:128]]
[2022.08.26-06.48.19:223][  0]LogConfig: Setting CVar [[r.Mobile.ReflectionCaptureCompression:0]]
[2022.08.26-06.48.19:223][  0]LogConfig: Setting CVar [[r.ReflectionEnvironmentLightmapMixBasedOnRoughness:1]]
[2022.08.26-06.48.19:223][  0]LogConfig: Setting CVar [[r.ForwardShading:0]]
[2022.08.26-06.48.19:223][  0]LogConfig: Setting CVar [[r.VertexFoggingForOpaque:1]]
[2022.08.26-06.48.19:223][  0]LogConfig: Setting CVar [[r.AllowStaticLighting:1]]
[2022.08.26-06.48.19:223][  0]LogConfig: Setting CVar [[r.NormalMapsForStaticLighting:0]]
[2022.08.26-06.48.19:223][  0]LogConfig: Setting CVar [[r.GenerateMeshDistanceFields:0]]
[2022.08.26-06.48.19:223][  0]LogConfig: Setting CVar [[r.DistanceFieldBuild.EightBit:0]]
[2022.08.26-06.48.19:223][  0]LogConfig: Setting CVar [[r.GenerateLandscapeGIData:0]]
[2022.08.26-06.48.19:223][  0]LogConfig: Setting CVar [[r.DistanceFieldBuild.Compress:0]]
[2022.08.26-06.48.19:223][  0]LogConfig: Setting CVar [[r.TessellationAdaptivePixelsPerTriangle:48.000000]]
[2022.08.26-06.48.19:223][  0]LogConfig: Setting CVar [[r.SeparateTranslucency:0]]
[2022.08.26-06.48.19:223][  0]LogConfig: Setting CVar [[r.TranslucentSortPolicy:0]]
[2022.08.26-06.48.19:223][  0]LogConfig: Setting CVar [[vr.VRS.HMDFixedFoveationLevel:0]]
[2022.08.26-06.48.19:223][  0]LogConfig: Setting CVar [[r.CustomDepth:1]]
[2022.08.26-06.48.19:223][  0]LogConfig: Setting CVar [[r.CustomDepthTemporalAAJitter:1]]
[2022.08.26-06.48.19:223][  0]LogConfig: Setting CVar [[r.PostProcessing.PropagateAlpha:0]]
[2022.08.26-06.48.19:223][  0]LogConfig: Setting CVar [[r.DefaultFeature.Bloom:1]]
[2022.08.26-06.48.19:223][  0]LogConfig: Setting CVar [[r.DefaultFeature.AmbientOcclusion:0]]
[2022.08.26-06.48.19:223][  0]LogConfig: Setting CVar [[r.DefaultFeature.AmbientOcclusionStaticFraction:1]]
[2022.08.26-06.48.19:223][  0]LogConfig: Setting CVar [[r.DefaultFeature.AutoExposure:0]]
[2022.08.26-06.48.19:223][  0]LogConfig: Setting CVar [[r.DefaultFeature.AutoExposure.Method:0]]
[2022.08.26-06.48.19:223][  0]LogConfig: Setting CVar [[r.DefaultFeature.AutoExposure.Bias:1.000000]]
[2022.08.26-06.48.19:223][  0]LogConfig: Setting CVar [[r.DefaultFeature.AutoExposure.ExtendDefaultLuminanceRange:0]]
[2022.08.26-06.48.19:223][  0]LogConfig: Setting CVar [[r.UsePreExposure:1]]
[2022.08.26-06.48.19:223][  0]LogConfig: Setting CVar [[r.EyeAdaptation.EditorOnly:0]]
[2022.08.26-06.48.19:223][  0]LogConfig: Setting CVar [[r.DefaultFeature.MotionBlur:0]]
[2022.08.26-06.48.19:223][  0]LogConfig: Setting CVar [[r.DefaultFeature.LensFlare:0]]
[2022.08.26-06.48.19:223][  0]LogConfig: Setting CVar [[r.TemporalAA.Upsampling:0]]
[2022.08.26-06.48.19:223][  0]LogConfig: Setting CVar [[r.SSGI.Enable:0]]
[2022.08.26-06.48.19:223][  0]LogConfig: Setting CVar [[r.DefaultFeature.AntiAliasing:0]]
[2022.08.26-06.48.19:223][  0]LogConfig: Setting CVar [[r.DefaultFeature.LightUnits:1]]
[2022.08.26-06.48.19:223][  0]LogConfig: Setting CVar [[r.DefaultBackBufferPixelFormat:4]]
[2022.08.26-06.48.19:223][  0]LogConfig: Setting CVar [[r.Shadow.UnbuiltPreviewInGame:1]]
[2022.08.26-06.48.19:223][  0]LogConfig: Setting CVar [[r.StencilForLODDither:0]]
[2022.08.26-06.48.19:223][  0]LogConfig: Setting CVar [[r.EarlyZPass:3]]
[2022.08.26-06.48.19:223][  0]LogConfig: Setting CVar [[r.EarlyZPassOnlyMaterialMasking:0]]
[2022.08.26-06.48.19:223][  0]LogConfig: Setting CVar [[r.DBuffer:1]]
[2022.08.26-06.48.19:223][  0]LogConfig: Setting CVar [[r.ClearSceneMethod:1]]
[2022.08.26-06.48.19:223][  0]LogConfig: Setting CVar [[r.BasePassOutputsVelocity:0]]
[2022.08.26-06.48.19:223][  0]LogConfig: Setting CVar [[r.VertexDeformationOutputsVelocity:0]]
[2022.08.26-06.48.19:223][  0]LogConfig: Setting CVar [[r.SelectiveBasePassOutputs:0]]
[2022.08.26-06.48.19:223][  0]LogConfig: Setting CVar [[fx.GPUSimulationTextureSizeX:1024]]
[2022.08.26-06.48.19:223][  0]LogConfig: Setting CVar [[fx.GPUSimulationTextureSizeY:1024]]
[2022.08.26-06.48.19:223][  0]LogConfig: Setting CVar [[r.AllowGlobalClipPlane:0]]
[2022.08.26-06.48.19:223][  0]LogConfig: Setting CVar [[r.GBufferFormat:1]]
[2022.08.26-06.48.19:223][  0]LogConfig: Setting CVar [[r.MorphTarget.Mode:1]]
[2022.08.26-06.48.19:223][  0]LogConfig: Setting CVar [[vr.InstancedStereo:0]]
[2022.08.26-06.48.19:223][  0]LogConfig: Setting CVar [[r.MobileHDR:1]]
[2022.08.26-06.48.19:223][  0]LogConfig: Setting CVar [[vr.MobileMultiView:0]]
[2022.08.26-06.48.19:223][  0]LogConfig: Setting CVar [[r.Mobile.UseHWsRGBEncoding:0]]
[2022.08.26-06.48.19:223][  0]LogConfig: Setting CVar [[vr.RoundRobinOcclusion:0]]
[2022.08.26-06.48.19:223][  0]LogConfig: Setting CVar [[vr.ODSCapture:0]]
[2022.08.26-06.48.19:223][  0]LogConfig: Setting CVar [[r.MeshStreaming:0]]
[2022.08.26-06.48.19:223][  0]LogConfig: Setting CVar [[r.WireframeCullThreshold:5.000000]]
[2022.08.26-06.48.19:223][  0]LogConfig: Setting CVar [[r.RayTracing:0]]
[2022.08.26-06.48.19:223][  0]LogConfig: Setting CVar [[r.RayTracing.UseTextureLod:0]]
[2022.08.26-06.48.19:223][  0]LogConfig: Setting CVar [[r.SupportStationarySkylight:1]]
[2022.08.26-06.48.19:223][  0]LogConfig: Setting CVar [[r.SupportLowQualityLightmaps:1]]
[2022.08.26-06.48.19:223][  0]LogConfig: Setting CVar [[r.SupportPointLightWholeSceneShadows:1]]
[2022.08.26-06.48.19:223][  0]LogConfig: Setting CVar [[r.SupportAtmosphericFog:1]]
[2022.08.26-06.48.19:223][  0]LogConfig: Setting CVar [[r.SupportSkyAtmosphere:1]]
[2022.08.26-06.48.19:223][  0]LogConfig: Setting CVar [[r.SupportSkyAtmosphereAffectsHeightFog:0]]
[2022.08.26-06.48.19:223][  0]LogConfig: Setting CVar [[r.SkinCache.CompileShaders:0]]
[2022.08.26-06.48.19:223][  0]LogConfig: Setting CVar [[r.SkinCache.DefaultBehavior:1]]
[2022.08.26-06.48.19:223][  0]LogConfig: Setting CVar [[r.SkinCache.SceneMemoryLimitInMB:128.000000]]
[2022.08.26-06.48.19:223][  0]LogConfig: Setting CVar [[r.Mobile.EnableStaticAndCSMShadowReceivers:1]]
[2022.08.26-06.48.19:223][  0]LogConfig: Setting CVar [[r.Mobile.EnableMovableLightCSMShaderCulling:1]]
[2022.08.26-06.48.19:223][  0]LogConfig: Setting CVar [[r.Mobile.AllowDistanceFieldShadows:1]]
[2022.08.26-06.48.19:223][  0]LogConfig: Setting CVar [[r.Mobile.AllowMovableDirectionalLights:1]]
[2022.08.26-06.48.19:223][  0]LogConfig: Setting CVar [[r.MobileNumDynamicPointLights:4]]
[2022.08.26-06.48.19:223][  0]LogConfig: Setting CVar [[r.MobileDynamicPointLightsUseStaticBranch:1]]
[2022.08.26-06.48.19:223][  0]LogConfig: Setting CVar [[r.Mobile.EnableMovableSpotlights:0]]
[2022.08.26-06.48.19:223][  0]LogConfig: Setting CVar [[r.Mobile.EnableMovableSpotlightsShadow:0]]
[2022.08.26-06.48.19:223][  0]LogConfig: Setting CVar [[r.GPUSkin.Support16BitBoneIndex:0]]
[2022.08.26-06.48.19:223][  0]LogConfig: Setting CVar [[r.GPUSkin.Limit2BoneInfluences:0]]
[2022.08.26-06.48.19:223][  0]LogConfig: Setting CVar [[r.SupportDepthOnlyIndexBuffers:1]]
[2022.08.26-06.48.19:223][  0]LogConfig: Setting CVar [[r.SupportReversedIndexBuffers:1]]
[2022.08.26-06.48.19:223][  0]LogConfig: Setting CVar [[r.LightPropagationVolume:0]]
[2022.08.26-06.48.19:223][  0]LogConfig: Setting CVar [[r.Mobile.AmbientOcclusion:0]]
[2022.08.26-06.48.19:223][  0]LogConfig: Setting CVar [[r.GPUSkin.UnlimitedBoneInfluences:0]]
[2022.08.26-06.48.19:223][  0]LogConfig: Setting CVar [[r.GPUSkin.UnlimitedBoneInfluencesThreshold:8]]
[2022.08.26-06.48.19:223][  0]LogConfig: Setting CVar [[r.Mobile.PlanarReflectionMode:0]]
[2022.08.26-06.48.19:223][  0]LogConfig: Setting CVar [[r.Mobile.SupportsGen4TAA:0]]
[2022.08.26-06.48.19:223][  0]LogConfig: Applying CVar settings from Section [/Script/Engine.RendererOverrideSettings] File [../../../MobileTPS/Saved/Config/WindowsNoEditor/Engine.ini]
[2022.08.26-06.48.19:223][  0]LogConfig: Applying CVar settings from Section [/Script/Engine.StreamingSettings] File [../../../MobileTPS/Saved/Config/WindowsNoEditor/Engine.ini]
[2022.08.26-06.48.19:223][  0]LogConfig: Setting CVar [[s.MinBulkDataSizeForAsyncLoading:131072]]
[2022.08.26-06.48.19:223][  0]LogConfig: Setting CVar [[s.AsyncLoadingThreadEnabled:0]]
[2022.08.26-06.48.19:224][  0]LogConfig: Setting CVar [[s.EventDrivenLoaderEnabled:1]]
[2022.08.26-06.48.19:224][  0]LogConfig: Setting CVar [[s.WarnIfTimeLimitExceeded:0]]
[2022.08.26-06.48.19:224][  0]LogConfig: Setting CVar [[s.TimeLimitExceededMultiplier:1.5]]
[2022.08.26-06.48.19:224][  0]LogConfig: Setting CVar [[s.TimeLimitExceededMinTime:0.005]]
[2022.08.26-06.48.19:224][  0]LogConfig: Setting CVar [[s.UseBackgroundLevelStreaming:1]]
[2022.08.26-06.48.19:224][  0]LogConfig: Setting CVar [[s.PriorityAsyncLoadingExtraTime:15.0]]
[2022.08.26-06.48.19:224][  0]LogConfig: Setting CVar [[s.LevelStreamingActorsUpdateTimeLimit:5.0]]
[2022.08.26-06.48.19:224][  0]LogConfig: Setting CVar [[s.PriorityLevelStreamingActorsUpdateExtraTime:5.0]]
[2022.08.26-06.48.19:224][  0]LogConfig: Setting CVar [[s.LevelStreamingComponentsRegistrationGranularity:10]]
[2022.08.26-06.48.19:224][  0]LogConfig: Setting CVar [[s.UnregisterComponentsTimeLimit:1.0]]
[2022.08.26-06.48.19:224][  0]LogConfig: Setting CVar [[s.LevelStreamingComponentsUnregistrationGranularity:5]]
[2022.08.26-06.48.19:224][  0]LogConfig: Setting CVar [[s.FlushStreamingOnExit:1]]
[2022.08.26-06.48.19:224][  0]LogConfig: Applying CVar settings from Section [/Script/Engine.GarbageCollectionSettings] File [../../../MobileTPS/Saved/Config/WindowsNoEditor/Engine.ini]
[2022.08.26-06.48.19:224][  0]LogConfig: Setting CVar [[gc.MaxObjectsNotConsideredByGC:1]]
[2022.08.26-06.48.19:224][  0]LogConfig: Setting CVar [[gc.SizeOfPermanentObjectPool:0]]
[2022.08.26-06.48.19:224][  0]LogConfig: Setting CVar [[gc.FlushStreamingOnGC:0]]
[2022.08.26-06.48.19:224][  0]LogConfig: Setting CVar [[gc.NumRetriesBeforeForcingGC:10]]
[2022.08.26-06.48.19:224][  0]LogConfig: Setting CVar [[gc.AllowParallelGC:1]]
[2022.08.26-06.48.19:224][  0]LogConfig: Setting CVar [[gc.TimeBetweenPurgingPendingKillObjects:61.1]]
[2022.08.26-06.48.19:224][  0]LogConfig: Setting CVar [[gc.MaxObjectsInEditor:25165824]]
[2022.08.26-06.48.19:224][  0]LogConfig: Setting CVar [[gc.IncrementalBeginDestroyEnabled:1]]
[2022.08.26-06.48.19:224][  0]LogConfig: Setting CVar [[gc.CreateGCClusters:1]]
[2022.08.26-06.48.19:224][  0]LogConfig: Setting CVar [[gc.MinGCClusterSize:5]]
[2022.08.26-06.48.19:224][  0]LogConfig: Setting CVar [[gc.ActorClusteringEnabled:0]]
[2022.08.26-06.48.19:224][  0]LogConfig: Setting CVar [[gc.BlueprintClusteringEnabled:0]]
[2022.08.26-06.48.19:224][  0]LogConfig: Setting CVar [[gc.UseDisregardForGCOnDedicatedServers:0]]
[2022.08.26-06.48.19:224][  0]LogConfig: Setting CVar [[gc.MultithreadedDestructionEnabled:1]]
[2022.08.26-06.48.19:224][  0]LogConfig: Applying CVar settings from Section [/Script/Engine.NetworkSettings] File [../../../MobileTPS/Saved/Config/WindowsNoEditor/Engine.ini]
[2022.08.26-06.48.19:249][  0]LogConfig: Applying CVar settings from Section [ViewDistanceQuality@3] File [../../../MobileTPS/Saved/Config/WindowsNoEditor/Scalability.ini]
[2022.08.26-06.48.19:249][  0]LogConfig: Setting CVar [[r.SkeletalMeshLODBias:0]]
[2022.08.26-06.48.19:249][  0]LogConfig: Setting CVar [[r.ViewDistanceScale:1.0]]
[2022.08.26-06.48.19:249][  0]LogConfig: Applying CVar settings from Section [AntiAliasingQuality@3] File [../../../MobileTPS/Saved/Config/WindowsNoEditor/Scalability.ini]
[2022.08.26-06.48.19:249][  0]LogConfig: Setting CVar [[r.PostProcessAAQuality:4]]
[2022.08.26-06.48.19:249][  0]LogConfig: Applying CVar settings from Section [ShadowQuality@3] File [../../../MobileTPS/Saved/Config/WindowsNoEditor/Scalability.ini]
[2022.08.26-06.48.19:249][  0]LogConfig: Setting CVar [[r.LightFunctionQuality:1]]
[2022.08.26-06.48.19:249][  0]LogConfig: Setting CVar [[r.ShadowQuality:5]]
[2022.08.26-06.48.19:249][  0]LogConfig: Setting CVar [[r.Shadow.CSM.MaxCascades:10]]
[2022.08.26-06.48.19:249][  0]LogConfig: Setting CVar [[r.Shadow.MaxResolution:2048]]
[2022.08.26-06.48.19:249][  0]LogConfig: Setting CVar [[r.Shadow.MaxCSMResolution:2048]]
[2022.08.26-06.48.19:249][  0]LogConfig: Setting CVar [[r.Shadow.RadiusThreshold:0.01]]
[2022.08.26-06.48.19:249][  0]LogConfig: Setting CVar [[r.Shadow.DistanceScale:1.0]]
[2022.08.26-06.48.19:249][  0]LogConfig: Setting CVar [[r.Shadow.CSM.TransitionScale:1.0]]
[2022.08.26-06.48.19:250][  0]LogConfig: Setting CVar [[r.Shadow.PreShadowResolutionFactor:1.0]]
[2022.08.26-06.48.19:250][  0]LogConfig: Setting CVar [[r.DistanceFieldShadowing:1]]
[2022.08.26-06.48.19:250][  0]LogConfig: Setting CVar [[r.DistanceFieldAO:1]]
[2022.08.26-06.48.19:250][  0]LogConfig: Setting CVar [[r.AOQuality:2]]
[2022.08.26-06.48.19:250][  0]LogConfig: Setting CVar [[r.VolumetricFog:1]]
[2022.08.26-06.48.19:250][  0]LogConfig: Setting CVar [[r.VolumetricFog.GridPixelSize:8]]
[2022.08.26-06.48.19:250][  0]LogConfig: Setting CVar [[r.VolumetricFog.GridSizeZ:128]]
[2022.08.26-06.48.19:250][  0]LogConfig: Setting CVar [[r.VolumetricFog.HistoryMissSupersampleCount:4]]
[2022.08.26-06.48.19:250][  0]LogConfig: Setting CVar [[r.LightMaxDrawDistanceScale:1]]
[2022.08.26-06.48.19:250][  0]LogConfig: Setting CVar [[r.CapsuleShadows:1]]
[2022.08.26-06.48.19:250][  0]LogConfig: Applying CVar settings from Section [PostProcessQuality@3] File [../../../MobileTPS/Saved/Config/WindowsNoEditor/Scalability.ini]
[2022.08.26-06.48.19:250][  0]LogConfig: Setting CVar [[r.MotionBlurQuality:4]]
[2022.08.26-06.48.19:250][  0]LogConfig: Setting CVar [[r.AmbientOcclusionMipLevelFactor:0.4]]
[2022.08.26-06.48.19:250][  0]LogConfig: Setting CVar [[r.AmbientOcclusionMaxQuality:100]]
[2022.08.26-06.48.19:250][  0]LogConfig: Setting CVar [[r.AmbientOcclusionLevels:-1]]
[2022.08.26-06.48.19:250][  0]LogConfig: Setting CVar [[r.AmbientOcclusionRadiusScale:1.0]]
[2022.08.26-06.48.19:250][  0]LogConfig: Setting CVar [[r.DepthOfFieldQuality:2]]
[2022.08.26-06.48.19:250][  0]LogConfig: Setting CVar [[r.RenderTargetPoolMin:400]]
[2022.08.26-06.48.19:250][  0]LogConfig: Setting CVar [[r.LensFlareQuality:2]]
[2022.08.26-06.48.19:250][  0]LogConfig: Setting CVar [[r.SceneColorFringeQuality:1]]
[2022.08.26-06.48.19:250][  0]LogConfig: Setting CVar [[r.EyeAdaptationQuality:2]]
[2022.08.26-06.48.19:250][  0]LogConfig: Setting CVar [[r.BloomQuality:5]]
[2022.08.26-06.48.19:250][  0]LogConfig: Setting CVar [[r.FastBlurThreshold:100]]
[2022.08.26-06.48.19:250][  0]LogConfig: Setting CVar [[r.Upscale.Quality:3]]
[2022.08.26-06.48.19:250][  0]LogConfig: Setting CVar [[r.Tonemapper.GrainQuantization:1]]
[2022.08.26-06.48.19:250][  0]LogConfig: Setting CVar [[r.LightShaftQuality:1]]
[2022.08.26-06.48.19:250][  0]LogConfig: Setting CVar [[r.Filter.SizeScale:1]]
[2022.08.26-06.48.19:250][  0]LogConfig: Setting CVar [[r.Tonemapper.Quality:5]]
[2022.08.26-06.48.19:250][  0]LogConfig: Setting CVar [[r.DOF.Gather.AccumulatorQuality:1        ; higher gathering accumulator quality]]
[2022.08.26-06.48.19:250][  0]LogConfig: Setting CVar [[r.DOF.Gather.PostfilterMethod:1          ; Median3x3 postfilering method]]
[2022.08.26-06.48.19:250][  0]LogConfig: Setting CVar [[r.DOF.Gather.EnableBokehSettings:0       ; no bokeh simulation when gathering]]
[2022.08.26-06.48.19:250][  0]LogConfig: Setting CVar [[r.DOF.Gather.RingCount:4                 ; medium number of samples when gathering]]
[2022.08.26-06.48.19:250][  0]LogConfig: Setting CVar [[r.DOF.Scatter.ForegroundCompositing:1    ; additive foreground scattering]]
[2022.08.26-06.48.19:250][  0]LogConfig: Setting CVar [[r.DOF.Scatter.BackgroundCompositing:2    ; additive background scattering]]
[2022.08.26-06.48.19:250][  0]LogConfig: Setting CVar [[r.DOF.Scatter.EnableBokehSettings:1      ; bokeh simulation when scattering]]
[2022.08.26-06.48.19:250][  0]LogConfig: Setting CVar [[r.DOF.Scatter.MaxSpriteRatio:0.1         ; only a maximum of 10% of scattered bokeh]]
[2022.08.26-06.48.19:250][  0]LogConfig: Setting CVar [[r.DOF.Recombine.Quality:1                ; cheap slight out of focus]]
[2022.08.26-06.48.19:250][  0]LogConfig: Setting CVar [[r.DOF.Recombine.EnableBokehSettings:0    ; no bokeh simulation on slight out of focus]]
[2022.08.26-06.48.19:250][  0]LogConfig: Setting CVar [[r.DOF.TemporalAAQuality:1                ; more stable temporal accumulation]]
[2022.08.26-06.48.19:250][  0]LogConfig: Setting CVar [[r.DOF.Kernel.MaxForegroundRadius:0.025]]
[2022.08.26-06.48.19:250][  0]LogConfig: Setting CVar [[r.DOF.Kernel.MaxBackgroundRadius:0.025]]
[2022.08.26-06.48.19:250][  0]LogConfig: Applying CVar settings from Section [TextureQuality@3] File [../../../MobileTPS/Saved/Config/WindowsNoEditor/Scalability.ini]
[2022.08.26-06.48.19:250][  0]LogConfig: Setting CVar [[r.Streaming.MipBias:0]]
[2022.08.26-06.48.19:250][  0]LogConfig: Setting CVar [[r.Streaming.AmortizeCPUToGPUCopy:0]]
[2022.08.26-06.48.19:250][  0]LogConfig: Setting CVar [[r.Streaming.MaxNumTexturesToStreamPerFrame:0]]
[2022.08.26-06.48.19:250][  0]LogConfig: Setting CVar [[r.Streaming.Boost:1]]
[2022.08.26-06.48.19:250][  0]LogConfig: Setting CVar [[r.MaxAnisotropy:8]]
[2022.08.26-06.48.19:250][  0]LogConfig: Setting CVar [[r.VT.MaxAnisotropy:8]]
[2022.08.26-06.48.19:250][  0]LogConfig: Setting CVar [[r.Streaming.LimitPoolSizeToVRAM:0]]
[2022.08.26-06.48.19:250][  0]LogConfig: Setting CVar [[r.Streaming.PoolSize:1000]]
[2022.08.26-06.48.19:250][  0]LogConfig: Setting CVar [[r.Streaming.MaxEffectiveScreenSize:0]]
[2022.08.26-06.48.19:250][  0]LogConfig: Applying CVar settings from Section [EffectsQuality@3] File [../../../MobileTPS/Saved/Config/WindowsNoEditor/Scalability.ini]
[2022.08.26-06.48.19:250][  0]LogConfig: Setting CVar [[r.TranslucencyLightingVolumeDim:64]]
[2022.08.26-06.48.19:250][  0]LogConfig: Setting CVar [[r.RefractionQuality:2]]
[2022.08.26-06.48.19:250][  0]LogConfig: Setting CVar [[r.SSR.Quality:3]]
[2022.08.26-06.48.19:250][  0]LogConfig: Setting CVar [[r.SSR.HalfResSceneColor:0]]
[2022.08.26-06.48.19:250][  0]LogConfig: Setting CVar [[r.SceneColorFormat:4]]
[2022.08.26-06.48.19:250][  0]LogConfig: Setting CVar [[r.DetailMode:2]]
[2022.08.26-06.48.19:250][  0]LogConfig: Setting CVar [[r.TranslucencyVolumeBlur:1]]
[2022.08.26-06.48.19:250][  0]LogConfig: Setting CVar [[r.MaterialQualityLevel:1 ; High quality]]
[2022.08.26-06.48.19:250][  0]LogConfig: Setting CVar [[r.AnisotropicMaterials:1]]
[2022.08.26-06.48.19:250][  0]LogConfig: Setting CVar [[r.SSS.Scale:1]]
[2022.08.26-06.48.19:250][  0]LogConfig: Setting CVar [[r.SSS.SampleSet:2]]
[2022.08.26-06.48.19:250][  0]LogConfig: Setting CVar [[r.SSS.Quality:1]]
[2022.08.26-06.48.19:250][  0]LogConfig: Setting CVar [[r.SSS.HalfRes:0]]
[2022.08.26-06.48.19:250][  0]LogConfig: Setting CVar [[r.SSGI.Quality:3]]
[2022.08.26-06.48.19:250][  0]LogConfig: Setting CVar [[r.EmitterSpawnRateScale:1.0]]
[2022.08.26-06.48.19:250][  0]LogConfig: Setting CVar [[r.ParticleLightQuality:2]]
[2022.08.26-06.48.19:250][  0]LogConfig: Setting CVar [[r.SkyAtmosphere.AerialPerspectiveLUT.FastApplyOnOpaque:1 ; Always have FastSkyLUT 1 in this case to avoid wrong sky]]
[2022.08.26-06.48.19:250][  0]LogConfig: Setting CVar [[r.SkyAtmosphere.AerialPerspectiveLUT.SampleCountMaxPerSlice:4]]
[2022.08.26-06.48.19:250][  0]LogConfig: Setting CVar [[r.SkyAtmosphere.AerialPerspectiveLUT.DepthResolution:16.0]]
[2022.08.26-06.48.19:250][  0]LogConfig: Setting CVar [[r.SkyAtmosphere.FastSkyLUT:1]]
[2022.08.26-06.48.19:250][  0]LogConfig: Setting CVar [[r.SkyAtmosphere.FastSkyLUT.SampleCountMin:4.0]]
[2022.08.26-06.48.19:250][  0]LogConfig: Setting CVar [[r.SkyAtmosphere.FastSkyLUT.SampleCountMax:128.0]]
[2022.08.26-06.48.19:250][  0]LogConfig: Setting CVar [[r.SkyAtmosphere.SampleCountMin:4.0]]
[2022.08.26-06.48.19:250][  0]LogConfig: Setting CVar [[r.SkyAtmosphere.SampleCountMax:128.0]]
[2022.08.26-06.48.19:250][  0]LogConfig: Setting CVar [[r.SkyAtmosphere.TransmittanceLUT.UseSmallFormat:0]]
[2022.08.26-06.48.19:250][  0]LogConfig: Setting CVar [[r.SkyAtmosphere.TransmittanceLUT.SampleCount:10.0]]
[2022.08.26-06.48.19:250][  0]LogConfig: Setting CVar [[r.SkyAtmosphere.MultiScatteringLUT.SampleCount:15.0]]
[2022.08.26-06.48.19:250][  0]LogConfig: Setting CVar [[r.SkyLight.RealTimeReflectionCapture:1]]
[2022.08.26-06.48.19:250][  0]LogConfig: Setting CVar [[fx.Niagara.QualityLevel:3]]
[2022.08.26-06.48.19:250][  0]LogConfig: Applying CVar settings from Section [FoliageQuality@3] File [../../../MobileTPS/Saved/Config/WindowsNoEditor/Scalability.ini]
[2022.08.26-06.48.19:250][  0]LogConfig: Setting CVar [[foliage.DensityScale:1.0]]
[2022.08.26-06.48.19:250][  0]LogConfig: Setting CVar [[grass.DensityScale:1.0]]
[2022.08.26-06.48.19:250][  0]LogConfig: Applying CVar settings from Section [ShadingQuality@3] File [../../../MobileTPS/Saved/Config/WindowsNoEditor/Scalability.ini]
[2022.08.26-06.48.19:250][  0]LogConfig: Setting CVar [[r.HairStrands.SkyLighting.IntegrationType:2]]
[2022.08.26-06.48.19:250][  0]LogConfig: Setting CVar [[r.HairStrands.SkyAO.SampleCount:4]]
[2022.08.26-06.48.19:250][  0]LogConfig: Setting CVar [[r.HairStrands.Visibility.MSAA.SamplePerPixel:4]]
[2022.08.26-06.48.19:250][  0]LogInit: Selected Device Profile: [WindowsNoEditor]
[2022.08.26-06.48.19:250][  0]LogInit: Applying CVar settings loaded from the selected device profile: [WindowsNoEditor]
[2022.08.26-06.48.19:250][  0]LogHAL: Display: Platform has ~ 16 GB [17024741376 / 17179869184 / 16], which maps to Larger [LargestMinGB=32, LargerMinGB=12, DefaultMinGB=8, SmallerMinGB=6, SmallestMinGB=0)
[2022.08.26-06.48.19:250][  0]LogInit: Going up to parent DeviceProfile [Windows]
[2022.08.26-06.48.19:250][  0]LogInit: Going up to parent DeviceProfile []
[2022.08.26-06.48.19:251][  0]LogConfig: Applying CVar settings from Section [ViewDistanceQuality@3] File [../../../MobileTPS/Saved/Config/WindowsNoEditor/Scalability.ini]
[2022.08.26-06.48.19:251][  0]LogConfig: Setting CVar [[r.SkeletalMeshLODBias:0]]
[2022.08.26-06.48.19:251][  0]LogConfig: Setting CVar [[r.ViewDistanceScale:1.0]]
[2022.08.26-06.48.19:251][  0]LogConfig: Applying CVar settings from Section [AntiAliasingQuality@3] File [../../../MobileTPS/Saved/Config/WindowsNoEditor/Scalability.ini]
[2022.08.26-06.48.19:251][  0]LogConfig: Setting CVar [[r.PostProcessAAQuality:4]]
[2022.08.26-06.48.19:251][  0]LogConfig: Applying CVar settings from Section [ShadowQuality@3] File [../../../MobileTPS/Saved/Config/WindowsNoEditor/Scalability.ini]
[2022.08.26-06.48.19:251][  0]LogConfig: Setting CVar [[r.LightFunctionQuality:1]]
[2022.08.26-06.48.19:251][  0]LogConfig: Setting CVar [[r.ShadowQuality:5]]
[2022.08.26-06.48.19:251][  0]LogConfig: Setting CVar [[r.Shadow.CSM.MaxCascades:10]]
[2022.08.26-06.48.19:251][  0]LogConfig: Setting CVar [[r.Shadow.MaxResolution:2048]]
[2022.08.26-06.48.19:251][  0]LogConfig: Setting CVar [[r.Shadow.MaxCSMResolution:2048]]
[2022.08.26-06.48.19:251][  0]LogConfig: Setting CVar [[r.Shadow.RadiusThreshold:0.01]]
[2022.08.26-06.48.19:251][  0]LogConfig: Setting CVar [[r.Shadow.DistanceScale:1.0]]
[2022.08.26-06.48.19:251][  0]LogConfig: Setting CVar [[r.Shadow.CSM.TransitionScale:1.0]]
[2022.08.26-06.48.19:251][  0]LogConfig: Setting CVar [[r.Shadow.PreShadowResolutionFactor:1.0]]
[2022.08.26-06.48.19:251][  0]LogConfig: Setting CVar [[r.DistanceFieldShadowing:1]]
[2022.08.26-06.48.19:251][  0]LogConfig: Setting CVar [[r.DistanceFieldAO:1]]
[2022.08.26-06.48.19:251][  0]LogConfig: Setting CVar [[r.AOQuality:2]]
[2022.08.26-06.48.19:251][  0]LogConfig: Setting CVar [[r.VolumetricFog:1]]
[2022.08.26-06.48.19:251][  0]LogConfig: Setting CVar [[r.VolumetricFog.GridPixelSize:8]]
[2022.08.26-06.48.19:251][  0]LogConfig: Setting CVar [[r.VolumetricFog.GridSizeZ:128]]
[2022.08.26-06.48.19:251][  0]LogConfig: Setting CVar [[r.VolumetricFog.HistoryMissSupersampleCount:4]]
[2022.08.26-06.48.19:251][  0]LogConfig: Setting CVar [[r.LightMaxDrawDistanceScale:1]]
[2022.08.26-06.48.19:251][  0]LogConfig: Setting CVar [[r.CapsuleShadows:1]]
[2022.08.26-06.48.19:251][  0]LogConfig: Applying CVar settings from Section [PostProcessQuality@3] File [../../../MobileTPS/Saved/Config/WindowsNoEditor/Scalability.ini]
[2022.08.26-06.48.19:251][  0]LogConfig: Setting CVar [[r.MotionBlurQuality:4]]
[2022.08.26-06.48.19:251][  0]LogConfig: Setting CVar [[r.AmbientOcclusionMipLevelFactor:0.4]]
[2022.08.26-06.48.19:251][  0]LogConfig: Setting CVar [[r.AmbientOcclusionMaxQuality:100]]
[2022.08.26-06.48.19:251][  0]LogConfig: Setting CVar [[r.AmbientOcclusionLevels:-1]]
[2022.08.26-06.48.19:251][  0]LogConfig: Setting CVar [[r.AmbientOcclusionRadiusScale:1.0]]
[2022.08.26-06.48.19:251][  0]LogConfig: Setting CVar [[r.DepthOfFieldQuality:2]]
[2022.08.26-06.48.19:251][  0]LogConfig: Setting CVar [[r.RenderTargetPoolMin:400]]
[2022.08.26-06.48.19:251][  0]LogConfig: Setting CVar [[r.LensFlareQuality:2]]
[2022.08.26-06.48.19:251][  0]LogConfig: Setting CVar [[r.SceneColorFringeQuality:1]]
[2022.08.26-06.48.19:251][  0]LogConfig: Setting CVar [[r.EyeAdaptationQuality:2]]
[2022.08.26-06.48.19:251][  0]LogConfig: Setting CVar [[r.BloomQuality:5]]
[2022.08.26-06.48.19:251][  0]LogConfig: Setting CVar [[r.FastBlurThreshold:100]]
[2022.08.26-06.48.19:251][  0]LogConfig: Setting CVar [[r.Upscale.Quality:3]]
[2022.08.26-06.48.19:251][  0]LogConfig: Setting CVar [[r.Tonemapper.GrainQuantization:1]]
[2022.08.26-06.48.19:251][  0]LogConfig: Setting CVar [[r.LightShaftQuality:1]]
[2022.08.26-06.48.19:251][  0]LogConfig: Setting CVar [[r.Filter.SizeScale:1]]
[2022.08.26-06.48.19:251][  0]LogConfig: Setting CVar [[r.Tonemapper.Quality:5]]
[2022.08.26-06.48.19:251][  0]LogConfig: Setting CVar [[r.DOF.Gather.AccumulatorQuality:1        ; higher gathering accumulator quality]]
[2022.08.26-06.48.19:251][  0]LogConfig: Setting CVar [[r.DOF.Gather.PostfilterMethod:1          ; Median3x3 postfilering method]]
[2022.08.26-06.48.19:251][  0]LogConfig: Setting CVar [[r.DOF.Gather.EnableBokehSettings:0       ; no bokeh simulation when gathering]]
[2022.08.26-06.48.19:251][  0]LogConfig: Setting CVar [[r.DOF.Gather.RingCount:4                 ; medium number of samples when gathering]]
[2022.08.26-06.48.19:251][  0]LogConfig: Setting CVar [[r.DOF.Scatter.ForegroundCompositing:1    ; additive foreground scattering]]
[2022.08.26-06.48.19:251][  0]LogConfig: Setting CVar [[r.DOF.Scatter.BackgroundCompositing:2    ; additive background scattering]]
[2022.08.26-06.48.19:251][  0]LogConfig: Setting CVar [[r.DOF.Scatter.EnableBokehSettings:1      ; bokeh simulation when scattering]]
[2022.08.26-06.48.19:251][  0]LogConfig: Setting CVar [[r.DOF.Scatter.MaxSpriteRatio:0.1         ; only a maximum of 10% of scattered bokeh]]
[2022.08.26-06.48.19:251][  0]LogConfig: Setting CVar [[r.DOF.Recombine.Quality:1                ; cheap slight out of focus]]
[2022.08.26-06.48.19:251][  0]LogConfig: Setting CVar [[r.DOF.Recombine.EnableBokehSettings:0    ; no bokeh simulation on slight out of focus]]
[2022.08.26-06.48.19:251][  0]LogConfig: Setting CVar [[r.DOF.TemporalAAQuality:1                ; more stable temporal accumulation]]
[2022.08.26-06.48.19:251][  0]LogConfig: Setting CVar [[r.DOF.Kernel.MaxForegroundRadius:0.025]]
[2022.08.26-06.48.19:251][  0]LogConfig: Setting CVar [[r.DOF.Kernel.MaxBackgroundRadius:0.025]]
[2022.08.26-06.48.19:251][  0]LogConfig: Applying CVar settings from Section [TextureQuality@3] File [../../../MobileTPS/Saved/Config/WindowsNoEditor/Scalability.ini]
[2022.08.26-06.48.19:251][  0]LogConfig: Setting CVar [[r.Streaming.MipBias:0]]
[2022.08.26-06.48.19:251][  0]LogConfig: Setting CVar [[r.Streaming.AmortizeCPUToGPUCopy:0]]
[2022.08.26-06.48.19:251][  0]LogConfig: Setting CVar [[r.Streaming.MaxNumTexturesToStreamPerFrame:0]]
[2022.08.26-06.48.19:251][  0]LogConfig: Setting CVar [[r.Streaming.Boost:1]]
[2022.08.26-06.48.19:251][  0]LogConfig: Setting CVar [[r.MaxAnisotropy:8]]
[2022.08.26-06.48.19:251][  0]LogConfig: Setting CVar [[r.VT.MaxAnisotropy:8]]
[2022.08.26-06.48.19:251][  0]LogConfig: Setting CVar [[r.Streaming.LimitPoolSizeToVRAM:0]]
[2022.08.26-06.48.19:251][  0]LogConfig: Setting CVar [[r.Streaming.PoolSize:1000]]
[2022.08.26-06.48.19:251][  0]LogConfig: Setting CVar [[r.Streaming.MaxEffectiveScreenSize:0]]
[2022.08.26-06.48.19:251][  0]LogConfig: Applying CVar settings from Section [EffectsQuality@3] File [../../../MobileTPS/Saved/Config/WindowsNoEditor/Scalability.ini]
[2022.08.26-06.48.19:251][  0]LogConfig: Setting CVar [[r.TranslucencyLightingVolumeDim:64]]
[2022.08.26-06.48.19:251][  0]LogConfig: Setting CVar [[r.RefractionQuality:2]]
[2022.08.26-06.48.19:251][  0]LogConfig: Setting CVar [[r.SSR.Quality:3]]
[2022.08.26-06.48.19:251][  0]LogConfig: Setting CVar [[r.SSR.HalfResSceneColor:0]]
[2022.08.26-06.48.19:251][  0]LogConfig: Setting CVar [[r.SceneColorFormat:4]]
[2022.08.26-06.48.19:251][  0]LogConfig: Setting CVar [[r.DetailMode:2]]
[2022.08.26-06.48.19:251][  0]LogConfig: Setting CVar [[r.TranslucencyVolumeBlur:1]]
[2022.08.26-06.48.19:251][  0]LogConfig: Setting CVar [[r.MaterialQualityLevel:1 ; High quality]]
[2022.08.26-06.48.19:251][  0]LogConfig: Setting CVar [[r.AnisotropicMaterials:1]]
[2022.08.26-06.48.19:251][  0]LogConfig: Setting CVar [[r.SSS.Scale:1]]
[2022.08.26-06.48.19:251][  0]LogConfig: Setting CVar [[r.SSS.SampleSet:2]]
[2022.08.26-06.48.19:251][  0]LogConfig: Setting CVar [[r.SSS.Quality:1]]
[2022.08.26-06.48.19:251][  0]LogConfig: Setting CVar [[r.SSS.HalfRes:0]]
[2022.08.26-06.48.19:251][  0]LogConfig: Setting CVar [[r.SSGI.Quality:3]]
[2022.08.26-06.48.19:251][  0]LogConfig: Setting CVar [[r.EmitterSpawnRateScale:1.0]]
[2022.08.26-06.48.19:251][  0]LogConfig: Setting CVar [[r.ParticleLightQuality:2]]
[2022.08.26-06.48.19:251][  0]LogConfig: Setting CVar [[r.SkyAtmosphere.AerialPerspectiveLUT.FastApplyOnOpaque:1 ; Always have FastSkyLUT 1 in this case to avoid wrong sky]]
[2022.08.26-06.48.19:251][  0]LogConfig: Setting CVar [[r.SkyAtmosphere.AerialPerspectiveLUT.SampleCountMaxPerSlice:4]]
[2022.08.26-06.48.19:251][  0]LogConfig: Setting CVar [[r.SkyAtmosphere.AerialPerspectiveLUT.DepthResolution:16.0]]
[2022.08.26-06.48.19:251][  0]LogConfig: Setting CVar [[r.SkyAtmosphere.FastSkyLUT:1]]
[2022.08.26-06.48.19:251][  0]LogConfig: Setting CVar [[r.SkyAtmosphere.FastSkyLUT.SampleCountMin:4.0]]
[2022.08.26-06.48.19:251][  0]LogConfig: Setting CVar [[r.SkyAtmosphere.FastSkyLUT.SampleCountMax:128.0]]
[2022.08.26-06.48.19:251][  0]LogConfig: Setting CVar [[r.SkyAtmosphere.SampleCountMin:4.0]]
[2022.08.26-06.48.19:251][  0]LogConfig: Setting CVar [[r.SkyAtmosphere.SampleCountMax:128.0]]
[2022.08.26-06.48.19:251][  0]LogConfig: Setting CVar [[r.SkyAtmosphere.TransmittanceLUT.UseSmallFormat:0]]
[2022.08.26-06.48.19:251][  0]LogConfig: Setting CVar [[r.SkyAtmosphere.TransmittanceLUT.SampleCount:10.0]]
[2022.08.26-06.48.19:251][  0]LogConfig: Setting CVar [[r.SkyAtmosphere.MultiScatteringLUT.SampleCount:15.0]]
[2022.08.26-06.48.19:251][  0]LogConfig: Setting CVar [[r.SkyLight.RealTimeReflectionCapture:1]]
[2022.08.26-06.48.19:251][  0]LogConfig: Setting CVar [[fx.Niagara.QualityLevel:3]]
[2022.08.26-06.48.19:251][  0]LogConfig: Applying CVar settings from Section [FoliageQuality@3] File [../../../MobileTPS/Saved/Config/WindowsNoEditor/Scalability.ini]
[2022.08.26-06.48.19:251][  0]LogConfig: Setting CVar [[foliage.DensityScale:1.0]]
[2022.08.26-06.48.19:251][  0]LogConfig: Setting CVar [[grass.DensityScale:1.0]]
[2022.08.26-06.48.19:251][  0]LogConfig: Applying CVar settings from Section [ShadingQuality@3] File [../../../MobileTPS/Saved/Config/WindowsNoEditor/Scalability.ini]
[2022.08.26-06.48.19:251][  0]LogConfig: Setting CVar [[r.HairStrands.SkyLighting.IntegrationType:2]]
[2022.08.26-06.48.19:251][  0]LogConfig: Setting CVar [[r.HairStrands.SkyAO.SampleCount:4]]
[2022.08.26-06.48.19:251][  0]LogConfig: Setting CVar [[r.HairStrands.Visibility.MSAA.SamplePerPixel:4]]
[2022.08.26-06.48.19:251][  0]LogConfig: Applying CVar settings from Section [Startup] File [../../../Engine/Config/ConsoleVariables.ini]
[2022.08.26-06.48.19:252][  0]LogConfig: Setting CVar [[net.UseAdaptiveNetUpdateFrequency:0]]
[2022.08.26-06.48.19:252][  0]LogConfig: Setting CVar [[p.chaos.AllowCreatePhysxBodies:1]]
[2022.08.26-06.48.19:252][  0]LogConfig: Setting CVar [[fx.SkipVectorVMBackendOptimizations:1]]
[2022.08.26-06.48.19:252][  0]LogConfig: Applying CVar settings from Section [ConsoleVariables] File [../../../MobileTPS/Saved/Config/WindowsNoEditor/Engine.ini]
[2022.08.26-06.48.19:252][  0]LogInit: Computer: XYZ
[2022.08.26-06.48.19:252][  0]LogInit: User: XYZ
[2022.08.26-06.48.19:252][  0]LogInit: CPU Page size=4096, Cores=8
[2022.08.26-06.48.19:252][  0]LogInit: High frequency timer resolution =10.000000 MHz
[2022.08.26-06.48.19:252][  0]LogMemory: Memory total: Physical=15.9GB (16GB approx)
[2022.08.26-06.48.19:252][  0]LogMemory: Platform Memory Stats for WindowsNoEditor
[2022.08.26-06.48.19:252][  0]LogMemory: Process Physical Memory: 85.51 MB used, 85.51 MB peak
[2022.08.26-06.48.19:252][  0]LogMemory: Process Virtual Memory: 83.57 MB used, 83.57 MB peak
[2022.08.26-06.48.19:252][  0]LogMemory: Physical Memory: 11694.46 MB used,  4541.59 MB free, 16236.06 MB total
[2022.08.26-06.48.19:252][  0]LogMemory: Virtual Memory: 134207568.00 MB used,  10159.44 MB free, 134217728.00 MB total
[2022.08.26-06.48.19:304][  0]LogWindows: WindowsPlatformFeatures enabled
[2022.08.26-06.48.19:464][  0]LogInit: Physics initialised using underlying interface: PhysX
[2022.08.26-06.48.19:464][  0]LogInit: Using OS detected language (zh-CN).
[2022.08.26-06.48.19:464][  0]LogInit: Using OS detected locale (zh-CN).
[2022.08.26-06.48.19:464][  0]LogTextLocalizationManager: No localization for 'zh-CN' exists, so 'en' will be used for the language.
[2022.08.26-06.48.19:464][  0]LogTextLocalizationManager: No localization for 'zh-CN' exists, so 'en' will be used for the locale.
[2022.08.26-06.48.19:487][  0]LogWindowsTextInputMethodSystem: Display: IME system deactivated.
[2022.08.26-06.48.19:519][  0]LogSlate: New Slate User Created.  User Index 0, Is Virtual User: 0
[2022.08.26-06.48.19:519][  0]LogSlate: Slate User Registered.  User Index 0, Is Virtual User: 0
[2022.08.26-06.48.19:566][  0]LogD3D11RHI: Loaded GFSDK_Aftermath_Lib.x64.dll
[2022.08.26-06.48.19:570][  0]LogHMD: Failed to initialize OpenVR with code 110
[2022.08.26-06.48.19:570][  0]LogD3D11RHI: D3D11 min allowed feature level: 11_0
[2022.08.26-06.48.19:570][  0]LogD3D11RHI: D3D11 max allowed feature level: 11_0
[2022.08.26-06.48.19:570][  0]LogD3D11RHI: D3D11 adapters:
[2022.08.26-06.48.19:705][  0]LogD3D11RHI:    0. 'NVIDIA GeForce RTX 3060 Laptop GPU' (Feature Level 11_0)
[2022.08.26-06.48.19:705][  0]LogD3D11RHI:       6023/0/8118 MB DedicatedVideo/DedicatedSystem/SharedSystem, Outputs:1, VendorId:0x10de
[2022.08.26-06.48.19:709][  0]LogD3D11RHI:    1. 'Microsoft Basic Render Driver' (Feature Level 11_0)
[2022.08.26-06.48.19:709][  0]LogD3D11RHI:       0/0/8118 MB DedicatedVideo/DedicatedSystem/SharedSystem, Outputs:0, VendorId:0x1414
[2022.08.26-06.48.19:709][  0]LogD3D11RHI: Chosen D3D11 Adapter:
[2022.08.26-06.48.19:709][  0]LogD3D11RHI:     Description : NVIDIA GeForce RTX 3060 Laptop GPU
[2022.08.26-06.48.19:709][  0]LogD3D11RHI:     VendorId    : 10de
[2022.08.26-06.48.19:709][  0]LogD3D11RHI:     DeviceId    : 2560
[2022.08.26-06.48.19:709][  0]LogD3D11RHI:     SubSysId    : 3a8017aa
[2022.08.26-06.48.19:709][  0]LogD3D11RHI:     Revision    : 00a1
[2022.08.26-06.48.19:709][  0]LogD3D11RHI:     DedicatedVideoMemory : 6315573248 bytes
[2022.08.26-06.48.19:709][  0]LogD3D11RHI:     DedicatedSystemMemory : 0 bytes
[2022.08.26-06.48.19:709][  0]LogD3D11RHI:     SharedSystemMemory : 8512370688 bytes
[2022.08.26-06.48.19:709][  0]LogD3D11RHI:     AdapterLuid : 0 56907
[2022.08.26-06.48.19:718][  0]LogD3D11RHI: Creating new Direct3DDevice
[2022.08.26-06.48.19:718][  0]LogD3D11RHI:     GPU DeviceId: 0x2560 (for the marketing name, search the web for "GPU Device Id")
[2022.08.26-06.48.19:718][  0]LogWindows: EnumDisplayDevices:
[2022.08.26-06.48.19:718][  0]LogWindows:    0. 'NVIDIA GeForce RTX 3060 Laptop GPU' (P:1 D:1)
[2022.08.26-06.48.19:719][  0]LogWindows:    1. 'NVIDIA GeForce RTX 3060 Laptop GPU' (P:0 D:0)
[2022.08.26-06.48.19:719][  0]LogWindows:    2. 'NVIDIA GeForce RTX 3060 Laptop GPU' (P:0 D:0)
[2022.08.26-06.48.19:719][  0]LogWindows:    3. 'NVIDIA GeForce RTX 3060 Laptop GPU' (P:0 D:0)
[2022.08.26-06.48.19:720][  0]LogWindows: DebugString: FoundDriverCount:4 
[2022.08.26-06.48.19:720][  0]LogD3D11RHI:     Adapter Name: NVIDIA GeForce RTX 3060 Laptop GPU
[2022.08.26-06.48.19:720][  0]LogD3D11RHI:   Driver Version: 516.94 (internal:31.0.15.1694, unified:516.94)
[2022.08.26-06.48.19:720][  0]LogD3D11RHI:      Driver Date: 7-21-2022
[2022.08.26-06.48.19:720][  0]LogRHI: Texture pool is 4216 MB (70% of 6023 MB)
[2022.08.26-06.48.19:720][  0]LogD3D11RHI: Creating D3DDevice using adapter:
[2022.08.26-06.48.19:720][  0]LogD3D11RHI:     Description : NVIDIA GeForce RTX 3060 Laptop GPU
[2022.08.26-06.48.19:720][  0]LogD3D11RHI:     VendorId    : 10de
[2022.08.26-06.48.19:720][  0]LogD3D11RHI:     DeviceId    : 2560
[2022.08.26-06.48.19:720][  0]LogD3D11RHI:     SubSysId    : 3a8017aa
[2022.08.26-06.48.19:720][  0]LogD3D11RHI:     Revision    : 00a1
[2022.08.26-06.48.19:720][  0]LogD3D11RHI:     DedicatedVideoMemory : 6315573248 bytes
[2022.08.26-06.48.19:720][  0]LogD3D11RHI:     DedicatedSystemMemory : 0 bytes
[2022.08.26-06.48.19:720][  0]LogD3D11RHI:     SharedSystemMemory : 8512370688 bytes
[2022.08.26-06.48.19:720][  0]LogD3D11RHI:     AdapterLuid : 0 56907
[2022.08.26-06.48.19:778][  0]LogD3D11RHI: RHI has support for 64 bit atomics
[2022.08.26-06.48.19:778][  0]LogD3D11RHI: Async texture creation enabled
[2022.08.26-06.48.19:778][  0]LogD3D11RHI: Array index from any shader is supported
[2022.08.26-06.48.19:780][  0]LogD3D11RHI: HDR output is supported on display 0 (NvId: 0x80061086).
[2022.08.26-06.48.19:797][  0]LogD3D11RHI: GPU Timing Frequency: 1000.000000 (Debug: 2 1)
[2022.08.26-06.48.19:876][  0]LogRHI: GeForceNow SDK initialized: 1
[2022.08.26-06.48.19:876][  0]LogRendererCore: Ray tracing is disabled. Reason: r.RayTracing=0.
[2022.08.26-06.48.19:880][  0]LogShaderLibrary: Display: Using ../../../MobileTPS/Content/ShaderArchive-Global-PCD3D_SM5.ushaderbytecode for material shader code. Total 1951 unique shaders.
[2022.08.26-06.48.19:880][  0]LogShaderLibrary: Display: Cooked Context: Using Shared Shader Library Global
[2022.08.26-06.48.19:880][  0]LogShaderLibrary: Display: Logical shader library 'Global' has been created, components 1
[2022.08.26-06.48.19:880][  0]LogTemp: Warning: Clearing the OS Cache
[2022.08.26-06.48.19:880][  0]LogODSC: ODSC Thread active.
[2022.08.26-06.48.19:882][  0]LogPakFile: New pak file ../../../MobileTPS/Content/Paks/MobileTPS-WindowsNoEditor.pak added to pak precacher.
[2022.08.26-06.48.19:900][  0]LogSlate: Using FreeType 2.10.0
[2022.08.26-06.48.19:901][  0]LogSlate: SlateFontServices - WITH_FREETYPE: 1, WITH_HARFBUZZ: 1
[2022.08.26-06.48.19:938][  0]LogShaderLibrary: Display: Using ../../../MobileTPS/Content/ShaderArchive-MobileTPS-PCD3D_SM5.ushaderbytecode for material shader code. Total 2686 unique shaders.
[2022.08.26-06.48.19:938][  0]LogShaderLibrary: Display: Cooked Context: Using Shared Shader Library MobileTPS
[2022.08.26-06.48.19:938][  0]LogShaderLibrary: Display: Logical shader library 'MobileTPS' has been created, components 1
[2022.08.26-06.48.19:938][  0]LogRHI: Display: Opened pipeline cache after state change and enqueued 0 of 0 tasks for precompile.
[2022.08.26-06.48.19:939][  0]LogShaderLibrary: Display: Using ../../../MobileTPS/Content/ShaderArchive-MobileTPS-PCD3D_SM5.ushaderbytecode for material shader code. Total 2686 unique shaders.
[2022.08.26-06.48.19:939][  0]LogShaderLibrary: Display: Cooked Context: Using Shared Shader Library MobileTPS
[2022.08.26-06.48.19:939][  0]LogRHI: Display: Opened pipeline cache after state change and enqueued 0 of 0 tasks for precompile.
[2022.08.26-06.48.19:939][  0]LogRHI: Display: Failed to open default shader pipeline cache for MobileTPS using shader platform 0.
[2022.08.26-06.48.19:939][  0]LogInit: Using OS detected language (zh-CN).
[2022.08.26-06.48.19:939][  0]LogInit: Using OS detected locale (zh-CN).
[2022.08.26-06.48.19:939][  0]LogTextLocalizationManager: No localization for 'zh-CN' exists, so 'en' will be used for the language.
[2022.08.26-06.48.19:939][  0]LogTextLocalizationManager: No localization for 'zh-CN' exists, so 'en' will be used for the locale.
[2022.08.26-06.48.19:940][  0]LogTextLocalizationManager: Compacting localization data took   0.66ms
[2022.08.26-06.48.19:940][  0]LogAssetRegistry: FAssetRegistry took 0.0009 seconds to start up
[2022.08.26-06.48.20:012][  0]LogStreaming: Display: FlushAsyncLoading: 1 QueuedPackages, 0 AsyncPackages
[2022.08.26-06.48.20:014][  0]LogPackageLocalizationCache: Processed 28 localized package path(s) for 1 prioritized culture(s) in 0.000094 seconds
[2022.08.26-06.48.20:021][  0]LogSerialization: Display: AllowBulkDataInIoStore: 'true'
[2022.08.26-06.48.20:022][  0]LogInit: Selected Device Profile: [WindowsNoEditor]
[2022.08.26-06.48.20:022][  0]LogInit: Active device profile: [0000022D8675B740][0000022DFF180010 49] WindowsNoEditor
[2022.08.26-06.48.20:022][  0]LogInit: Profiles: [0000022D8675B440][0000022D85E7B6E0 49] Windows, [0000022D8675B740][0000022DFF180010 49] WindowsNoEditor, 
[2022.08.26-06.48.20:061][  0]LogNetVersion: MobileTPS 1.0.0, NetCL: 0, EngineNetVer: 17, GameNetVer: 0 (Checksum: 2423935184)
[2022.08.26-06.48.20:109][  0]LogAudioCaptureCore: Display: No Audio Capture implementations found. Audio input will be silent.
[2022.08.26-06.48.20:109][  0]LogAudioCaptureCore: Display: No Audio Capture implementations found. Audio input will be silent.
[2022.08.26-06.48.20:110][  0]LogHMD: PokeAHoleMaterial loaded successfully
[2022.08.26-06.48.20:113][  0]LogActor: Warning: SetReplicates called on non-initialized actor Default__Bullet. Directly setting bReplicates is the correct procedure for pre-init actors.
[2022.08.26-06.48.20:113][  0]LogActor: Warning: SetReplicates called on non-initialized actor Default__SWeapon. Directly setting bReplicates is the correct procedure for pre-init actors.
[2022.08.26-06.48.20:113][  0]LogActor: Warning: SetReplicates called on non-initialized actor Default__GrenadeWeapon. Directly setting bReplicates is the correct procedure for pre-init actors.
[2022.08.26-06.48.20:134][  0]LogActor: Warning: SetReplicates called on non-initialized actor Default__BP_Bullet_C. Directly setting bReplicates is the correct procedure for pre-init actors.
[2022.08.26-06.48.20:146][  0]LogActor: Warning: SetReplicates called on non-initialized actor Default__BP_GrenadeWeapon_C. Directly setting bReplicates is the correct procedure for pre-init actors.
[2022.08.26-06.48.20:156][  0]LogActor: Warning: SetReplicates called on non-initialized actor Default__RifleWeapon. Directly setting bReplicates is the correct procedure for pre-init actors.
[2022.08.26-06.48.20:156][  0]LogActor: Warning: SetReplicates called on non-initialized actor Default__BPRifleWeapon_C. Directly setting bReplicates is the correct procedure for pre-init actors.
[2022.08.26-06.48.20:185][  0]LogMoviePlayer: Initializing movie player
[2022.08.26-06.48.20:186][  0]LogNiagaraDebuggerClient: Niagara Debugger Client Initialized | Session: 46B277924DBF9CE4424B12B5735F9D8C | Instance: C4D974F94AA5E4EC40EEA59105EB2BF4 (XYZ-18360).
[2022.08.26-06.48.20:188][  0]LogAndroidPermission: UAndroidPermissionCallbackProxy::GetInstance
[2022.08.26-06.48.20:188][  0]LogOcInput: OculusInput pre-init called
[2022.08.26-06.48.20:193][  0]LogUObjectArray: 16848 objects as part of root set at end of initial load.
[2022.08.26-06.48.20:193][  0]LogUObjectArray: 2 objects are not in the root set, but can never be destroyed because they are in the DisregardForGC set.
[2022.08.26-06.48.20:193][  0]LogUObjectAllocator: 3560600 out of 0 bytes used by permanent object pool.
[2022.08.26-06.48.20:193][  0]LogUObjectArray: CloseDisregardForGC: 16848/16848 objects in disregard for GC pool
[2022.08.26-06.48.20:194][  0]LogEngine: Initializing Engine...
[2022.08.26-06.48.20:204][  0]LogHMD: Failed to enumerate extensions. Please check that you have a valid OpenXR runtime installed.
[2022.08.26-06.48.20:205][  0]LogHMD: Failed to initialize OpenVR with code 110
[2022.08.26-06.48.20:206][  0]LogStats: UGameplayTagsManager::InitializeManager -  0.000 s
[2022.08.26-06.48.20:258][  0]LogInit: Initializing FReadOnlyCVARCache
[2022.08.26-06.48.20:258][  0]LogAudio: Display: Initializing Audio Device Manager...
[2022.08.26-06.48.20:258][  0]LogAudio: Display: Loading Default Audio Settings Objects...
[2022.08.26-06.48.20:259][  0]LogAudio: Display: No default SoundConcurrencyObject specified (or failed to load).
[2022.08.26-06.48.20:259][  0]LogAudio: Display: Audio Device Manager Initialized
[2022.08.26-06.48.20:259][  0]LogAudio: Display: Creating Audio Device:                 Id: 1, Scope: Shared, Realtime: True
[2022.08.26-06.48.20:260][  0]LogAudioMixer: Display: Audio Mixer Platform Settings:
[2022.08.26-06.48.20:260][  0]LogAudioMixer: Display: 	Sample Rate:						  48000
[2022.08.26-06.48.20:260][  0]LogAudioMixer: Display: 	Callback Buffer Frame Size Requested: 1024
[2022.08.26-06.48.20:260][  0]LogAudioMixer: Display: 	Callback Buffer Frame Size To Use:	  1024
[2022.08.26-06.48.20:260][  0]LogAudioMixer: Display: 	Number of buffers to queue:			  2
[2022.08.26-06.48.20:260][  0]LogAudioMixer: Display: 	Max Channels (voices):				  32
[2022.08.26-06.48.20:260][  0]LogAudioMixer: Display: 	Number of Async Source Workers:		  0
[2022.08.26-06.48.20:260][  0]LogAudio: Display: AudioDevice MaxSources: 32
[2022.08.26-06.48.20:260][  0]LogAudio: Display: Audio Spatialization Plugin: None (built-in).
[2022.08.26-06.48.20:260][  0]LogAudio: Display: Audio Reverb Plugin: None (built-in).
[2022.08.26-06.48.20:260][  0]LogAudio: Display: Audio Occlusion Plugin: None (built-in).
[2022.08.26-06.48.20:260][  0]LogAudioMixer: Display: Initializing audio mixer.
[2022.08.26-06.48.20:298][  0]LogAudioDebug: Display: Lib vorbis DLL was dynamically loaded.
[2022.08.26-06.48.20:358][  0]LogAudioMixer: Display: 0: FrontLeft
[2022.08.26-06.48.20:358][  0]LogAudioMixer: Display: 1: FrontRight
[2022.08.26-06.48.20:375][  0]LogAudioMixer: Display: Using Audio Device 头戴式耳机 (HUAWEI USB-C HEADSET)
[2022.08.26-06.48.20:377][  0]LogAudioMixer: Display: Initializing Sound Submixes...
[2022.08.26-06.48.20:377][  0]LogAudioMixer: Display: Creating Master Submix 'MasterSubmixDefault'
[2022.08.26-06.48.20:378][  0]LogAudioMixer: Display: Creating Master Submix 'MasterReverbSubmixDefault'
[2022.08.26-06.48.20:379][  0]LogAudioMixer: Display: Creating Master Submix 'MasterEQSubmixDefault'
[2022.08.26-06.48.20:379][  0]LogAudioEndpoints: Display: No endpoint implementation for Vibration Output found for this platform. Endpoint Submixes set to this type will not do anything.
[2022.08.26-06.48.20:380][  0]LogAudioMixer: FMixerPlatformXAudio2::StartAudioStream() called
[2022.08.26-06.48.20:380][  0]LogAudioMixer: Display: Output buffers initialized: Frames=1024, Channels=2, Samples=2048
[2022.08.26-06.48.20:380][  0]LogAudioMixer: Display: Starting AudioMixerPlatformInterface::RunInternal()
[2022.08.26-06.48.20:380][  0]LogAudioMixer: Display: FMixerPlatformXAudio2::SubmitBuffer() called for the first time
[2022.08.26-06.48.20:380][  0]LogInit: FAudioDevice initialized.
[2022.08.26-06.48.20:381][  0]LogNetVersion: Set ProjectVersion to 1.0.0.0. Version Checksum will be recalculated on next use.
[2022.08.26-06.48.20:381][  0]LogInit: Texture streaming: Enabled
[2022.08.26-06.48.20:394][  0]LogAudio: Display: Audio Device (ID: 1) registered with world 'Untitled'.
[2022.08.26-06.48.20:394][  0]LogSlate: Updating window title bar state: overlay mode, drag disabled, window buttons hidden, title bar hidden
[2022.08.26-06.48.20:395][  0]LogInit: Display: Game Engine Initialized.
[2022.08.26-06.48.20:396][  0]LogInit: Display: Starting Game.
[2022.08.26-06.48.20:396][  0]LogNet: Browse: /Game/Maps/MobileTPS?Name=Player
[2022.08.26-06.48.20:396][  0]LogLoad: LoadMap: /Game/Maps/MobileTPS?Name=Player
[2022.08.26-06.48.20:396][  0]LogWorld: BeginTearingDown for /Temp/Untitled_0
[2022.08.26-06.48.20:398][  0]LogWorld: UWorld::CleanupWorld for Untitled, bSessionEnded=true, bCleanupResources=true
[2022.08.26-06.48.20:398][  0]LogSlate: InvalidateAllWidgets triggered.  All widgets were invalidated
[2022.08.26-06.48.20:401][  0]LogAudio: Display: Audio Device unregistered from world 'None'.
[2022.08.26-06.48.20:404][  0]LogUObjectHash: Compacting FUObjectHashTables data took   0.79ms
[2022.08.26-06.48.20:417][  0]LogActor: Warning: SetReplicates called on non-initialized actor Default__BPAIRifleWeapon_C. Directly setting bReplicates is the correct procedure for pre-init actors.
[2022.08.26-06.48.20:437][  0]LogAudio: Display: Audio Device (ID: 1) registered with world 'MobileTPS'.
[2022.08.26-06.48.20:439][  0]LogAIModule: Creating AISystem for world MobileTPS
[2022.08.26-06.48.20:439][  0]LogLoad: Game class is 'BPMobileTPSGameMode_C'
[2022.08.26-06.48.20:443][  0]LogWorld: Bringing World /Game/Maps/MobileTPS.MobileTPS up for play (max tick rate 0) at 2022.08.26-14.48.20
[2022.08.26-06.48.20:444][  0]LogWorld: Bringing up level for play took: 0.003811
[2022.08.26-06.48.20:457][  0]LogActor: Warning: SetReplicates called on non-initialized actor BPRifleWeapon_C_2147482513. Directly setting bReplicates is the correct procedure for pre-init actors.
[2022.08.26-06.48.20:457][  0]LogActor: Warning: SetReplicates called on non-initialized actor BP_GrenadeWeapon_C_2147482512. Directly setting bReplicates is the correct procedure for pre-init actors.
[2022.08.26-06.48.20:457][  0]LogLoad: Took 0.060729 seconds to LoadMap(/Game/Maps/MobileTPS)
[2022.08.26-06.48.20:459][  0]LogSlate: Took 0.000341 seconds to synchronously load lazily loaded font '../../../Engine/Content/EngineFonts/Faces/RobotoBold.ufont' (160K)
[2022.08.26-06.48.20:460][  0]LogSlate: Took 0.000358 seconds to synchronously load lazily loaded font '../../../Engine/Content/EngineFonts/Faces/RobotoRegular.ufont' (155K)
[2022.08.26-06.48.20:464][  0]LogSlate: Took 0.004056 seconds to synchronously load lazily loaded font '../../../Engine/Content/EngineFonts/Faces/DroidSansFallback.ufont' (3848K)
[2022.08.26-06.48.20:548][  0]LogSlate: Took 0.000427 seconds to synchronously load lazily loaded font '../../../Engine/Content/Slate/Fonts/Roboto-Regular.ttf' (155K)
[2022.08.26-06.48.20:606][  0]LogRenderer: Reallocating scene render targets to support 1708x1068 Format 10 NumSamples 1 (Frame:1).
[2022.08.26-06.48.20:606][  0]LogRHI: Display: ShaderPipelineCache: Paused Batching. 1
[2022.08.26-06.48.20:606][  0]LogPakFile: AllPaks IndexSizes: DirectoryHashSize=333588, PathHashSize=16, EntriesSize=53248, TotalSize=386852
[2022.08.26-06.48.20:606][  0]LogRHI: Display: ShaderPipelineCache: Resumed Batching. 0
[2022.08.26-06.48.20:606][  0]LogRHI: Display: ShaderPipelineCache: Batching Resumed.
[2022.08.26-06.48.20:606][  0]LogInit: Display: Engine is initialized. Leaving FEngineLoop::Init()
[2022.08.26-06.48.20:606][  0]LogLoad: (Engine Initialization) Total time: 1.67 seconds
[2022.08.26-06.48.20:610][  0]LogContentStreaming: Texture pool size now 1000 MB
[2022.08.26-06.48.20:621][  2]LogRenderer: Reallocating scene render targets to support 128x128 Format 10 NumSamples 1 (Frame:1).
[2022.08.26-06.48.20:649][  2]LogRenderer: Reallocating scene render targets to support 1708x1068 Format 10 NumSamples 1 (Frame:2).
[2022.08.26-06.48.20:723][  8]LogPakFile: Precache HighWater 16MB

[2022.08.26-06.48.22:620][460]LogActor: Warning: SetReplicates called on non-initialized actor BPAIRifleWeapon_C_2147482497. Directly setting bReplicates is the correct procedure for pre-init actors.
[2022.08.26-06.48.23:613][689]LogActor: Warning: SetReplicates called on non-initialized actor BPAIRifleWeapon_C_2147482492. Directly setting bReplicates is the correct procedure for pre-init actors.
[2022.08.26-06.48.25:098][ 28]LogSlate: Request Window 'MobileTPS (64-bit Development PCD3D_SM5) ' being destroyed
[2022.08.26-06.48.25:104][ 28]LogSlate: Window 'MobileTPS (64-bit Development PCD3D_SM5) ' being destroyed
[2022.08.26-06.48.25:110][ 28]LogSlate: Updating window title bar state: overlay mode, drag disabled, window buttons hidden, title bar hidden
[2022.08.26-06.48.25:110][ 28]LogEngine: All Windows Closed
[2022.08.26-06.48.25:110][ 28]LogWindows: FPlatformMisc::RequestExit(0)
[2022.08.26-06.48.25:110][ 28]LogWindows: FPlatformMisc::RequestExitWithStatus(0, 0)
[2022.08.26-06.48.25:110][ 28]LogCore: Engine exit requested (reason: Win RequestExit)
[2022.08.26-06.48.25:111][ 29]LogCore: Engine exit requested (reason: EngineExit() was called; note: exit was already requested)
[2022.08.26-06.48.25:111][ 29]LogInit: Display: PreExit Game.
[2022.08.26-06.48.25:118][ 29]LogWorld: BeginTearingDown for /Game/Maps/MobileTPS
[2022.08.26-06.48.25:119][ 29]LogWorld: UWorld::CleanupWorld for MobileTPS, bSessionEnded=true, bCleanupResources=true
[2022.08.26-06.48.25:120][ 29]LogSlate: InvalidateAllWidgets triggered.  All widgets were invalidated
[2022.08.26-06.48.25:209][ 29]LogAudio: Display: Beginning Audio Device Manager Shutdown (Module: AudioMixerXAudio2)...
[2022.08.26-06.48.25:209][ 29]LogAudio: Display: Destroying 1 Remaining Audio Device(s)...
[2022.08.26-06.48.25:209][ 29]LogAudio: Display: Audio Device unregistered from world 'MobileTPS'.
[2022.08.26-06.48.25:209][ 29]LogAudioMixer: FMixerPlatformXAudio2::StopAudioStream() called
[2022.08.26-06.48.25:210][ 29]LogAudioMixer: FMixerPlatformXAudio2::StopAudioStream() called
[2022.08.26-06.48.25:213][ 29]LogAudio: Display: Audio Device Manager Shutdown
[2022.08.26-06.48.25:216][ 29]LogExit: Preparing to exit.
[2022.08.26-06.48.25:216][ 29]LogMoviePlayer: Shutting down movie player
[2022.08.26-06.48.25:222][ 29]LogSlate: Updating window title bar state: overlay mode, drag disabled, window buttons hidden, title bar hidden
[2022.08.26-06.48.25:236][ 29]LogDemo: Cleaned up 0 splitscreen connections with owner deletion
[2022.08.26-06.48.25:239][ 29]LogExit: Game engine shut down
[2022.08.26-06.48.25:264][ 29]LogExit: Object subsystem successfully closed.
[2022.08.26-06.48.25:275][ 29]LogModuleManager: Shutting down and abandoning module AutomationController (364)
[2022.08.26-06.48.25:275][ 29]LogModuleManager: Shutting down and abandoning module AutomationWorker (362)
[2022.08.26-06.48.25:275][ 29]LogModuleManager: Shutting down and abandoning module Voice (360)
[2022.08.26-06.48.25:275][ 29]LogModuleManager: Shutting down and abandoning module AIModule (358)
[2022.08.26-06.48.25:275][ 29]LogModuleManager: Shutting down and abandoning module GameplayDebugger (357)
[2022.08.26-06.48.25:275][ 29]LogModuleManager: Shutting down and abandoning module NavigationSystem (355)
[2022.08.26-06.48.25:275][ 29]LogModuleManager: Shutting down and abandoning module WebMMediaFactory (352)
[2022.08.26-06.48.25:275][ 29]LogModuleManager: Shutting down and abandoning module WebMMedia (350)
[2022.08.26-06.48.25:275][ 29]LogModuleManager: Shutting down and abandoning module OpenXRInput (348)
[2022.08.26-06.48.25:275][ 29]LogModuleManager: Shutting down and abandoning module OculusMR (346)
[2022.08.26-06.48.25:275][ 29]LogModuleManager: Shutting down and abandoning module WmfMediaFactory (344)
[2022.08.26-06.48.25:275][ 29]LogModuleManager: Shutting down and abandoning module OpenExrWrapper (342)
[2022.08.26-06.48.25:275][ 29]LogModuleManager: Shutting down and abandoning module ImgMediaFactory (340)
[2022.08.26-06.48.25:276][ 29]LogModuleManager: Shutting down and abandoning module AvfMediaFactory (338)
[2022.08.26-06.48.25:276][ 29]LogModuleManager: Shutting down and abandoning module CharacterAI (336)
[2022.08.26-06.48.25:276][ 29]LogModuleManager: Shutting down and abandoning module PlanarCut (334)
[2022.08.26-06.48.25:276][ 29]LogModuleManager: Shutting down and abandoning module SessionServices (332)
[2022.08.26-06.48.25:276][ 29]LogModuleManager: Shutting down and abandoning module LiveCoding (330)
[2022.08.26-06.48.25:276][ 29]LogModuleManager: Shutting down and abandoning module LevelSequence (328)
[2022.08.26-06.48.25:276][ 29]LogModuleManager: Shutting down and abandoning module MovieSceneTracks (326)
[2022.08.26-06.48.25:276][ 29]LogModuleManager: Shutting down and abandoning module MovieScene (324)
[2022.08.26-06.48.25:276][ 29]LogModuleManager: Shutting down and abandoning module StreamingPauseRendering (322)
[2022.08.26-06.48.25:276][ 29]LogModuleManager: Shutting down and abandoning module AudioMixerXAudio2 (320)
[2022.08.26-06.48.25:276][ 29]LogModuleManager: Shutting down and abandoning module AudioMixerCore (319)
[2022.08.26-06.48.25:276][ 29]LogModuleManager: Shutting down and abandoning module ImageWriteQueue (316)
[2022.08.26-06.48.25:277][ 29]LogModuleManager: Shutting down and abandoning module ProfilerService (314)
[2022.08.26-06.48.25:445][ 29]LogModuleManager: Shutting down and abandoning module TaskGraph (312)
[2022.08.26-06.48.25:445][ 29]LogModuleManager: Shutting down and abandoning module Synthesis (310)
[2022.08.26-06.48.25:446][ 29]LogModuleManager: Shutting down and abandoning module TakeMovieScene (308)
[2022.08.26-06.48.25:446][ 29]LogModuleManager: Shutting down and abandoning module LiveLinkMovieScene (306)
[2022.08.26-06.48.25:446][ 29]LogModuleManager: Shutting down and abandoning module LiveLinkComponents (304)
[2022.08.26-06.48.25:446][ 29]LogModuleManager: Shutting down and abandoning module LiveLink (302)
[2022.08.26-06.48.26:192][ 29]LogModuleManager: Shutting down and abandoning module OculusInput (300)
[2022.08.26-06.48.26:192][ 29]LogModuleManager: Shutting down and abandoning module MobilePatchingUtils (298)
[2022.08.26-06.48.26:192][ 29]LogModuleManager: Shutting down and abandoning module GooglePAD (296)
[2022.08.26-06.48.26:192][ 29]LogModuleManager: Shutting down and abandoning module CustomMeshComponent (294)
[2022.08.26-06.48.26:192][ 29]LogModuleManager: Shutting down and abandoning module CableComponent (292)
[2022.08.26-06.48.26:192][ 29]LogModuleManager: Shutting down and abandoning module AudioCapture (290)
[2022.08.26-06.48.26:192][ 29]LogModuleManager: Shutting down and abandoning module AudioCaptureRtAudio (289)
[2022.08.26-06.48.26:192][ 29]LogModuleManager: Shutting down and abandoning module AssetTags (286)
[2022.08.26-06.48.26:192][ 29]LogModuleManager: Shutting down and abandoning module ArchVisCharacter (284)
[2022.08.26-06.48.26:192][ 29]LogModuleManager: Shutting down and abandoning module AppleImageUtils (282)
[2022.08.26-06.48.26:192][ 29]LogModuleManager: Shutting down and abandoning module AndroidPermission (280)
[2022.08.26-06.48.26:192][ 29]LogModuleManager: Shutting down and abandoning module ActorLayerUtilities (278)
[2022.08.26-06.48.26:192][ 29]LogModuleManager: Shutting down and abandoning module MediaCompositing (276)
[2022.08.26-06.48.26:192][ 29]LogModuleManager: Shutting down and abandoning module ImgMedia (274)
[2022.08.26-06.48.26:192][ 29]LogModuleManager: Shutting down and abandoning module MagicLeapLightEstimation (272)
[2022.08.26-06.48.26:192][ 29]LogModuleManager: Shutting down and abandoning module MagicLeapHelperVulkan (270)
[2022.08.26-06.48.26:192][ 29]LogModuleManager: Shutting down and abandoning module MagicLeapHelperOpenGL (268)
[2022.08.26-06.48.26:192][ 29]LogModuleManager: Shutting down and abandoning module MagicLeapAudio (266)
[2022.08.26-06.48.26:192][ 29]LogModuleManager: Shutting down and abandoning module MagicLeapSharedWorld (264)
[2022.08.26-06.48.26:192][ 29]LogModuleManager: Shutting down and abandoning module OpenImageDenoise (262)
[2022.08.26-06.48.26:192][ 29]LogModuleManager: Shutting down and abandoning module MotoSynth (260)
[2022.08.26-06.48.26:192][ 29]LogModuleManager: Shutting down and abandoning module ChaosNiagara (258)
[2022.08.26-06.48.26:192][ 29]LogModuleManager: Shutting down and abandoning module ProceduralMeshComponent (256)
[2022.08.26-06.48.26:192][ 29]LogModuleManager: Shutting down and abandoning module GeometryCollectionTracks (254)
[2022.08.26-06.48.26:192][ 29]LogModuleManager: Shutting down and abandoning module EditableMesh (252)
[2022.08.26-06.48.26:192][ 29]LogModuleManager: Shutting down and abandoning module BackChannel (250)
[2022.08.26-06.48.26:192][ 29]LogModuleManager: Shutting down and abandoning module AutomationUtils (248)
[2022.08.26-06.48.26:192][ 29]LogModuleManager: Shutting down and abandoning module GeometryCacheTracks (246)
[2022.08.26-06.48.26:192][ 29]LogModuleManager: Shutting down and abandoning module GeometryCache (244)
[2022.08.26-06.48.26:192][ 29]LogModuleManager: Shutting down and abandoning module UObjectPlugin (242)
[2022.08.26-06.48.26:192][ 29]LogModuleManager: Shutting down and abandoning module OodleNetworkHandlerComponent (240)
[2022.08.26-06.48.26:192][ 29]LogModuleManager: Shutting down and abandoning module TemplateSequence (238)
[2022.08.26-06.48.26:192][ 29]LogModuleManager: Shutting down and abandoning module MeshConversion (236)
[2022.08.26-06.48.26:192][ 29]LogModuleManager: Shutting down and abandoning module DynamicMesh (234)
[2022.08.26-06.48.26:192][ 29]LogModuleManager: Shutting down and abandoning module GeometryAlgorithms (232)
[2022.08.26-06.48.26:192][ 29]LogModuleManager: Shutting down and abandoning module GeometricObjects (230)
[2022.08.26-06.48.26:192][ 29]LogModuleManager: Shutting down and abandoning module Landmass (228)
[2022.08.26-06.48.26:192][ 29]LogModuleManager: Shutting down and abandoning module MobileTPS (226)
[2022.08.26-06.48.26:192][ 29]LogModuleManager: Shutting down and abandoning module AudioSynesthesia (224)
[2022.08.26-06.48.26:192][ 29]LogModuleManager: Shutting down and abandoning module AudioSynesthesiaCore (222)
[2022.08.26-06.48.26:192][ 29]LogModuleManager: Shutting down and abandoning module SoundFields (220)
[2022.08.26-06.48.26:192][ 29]LogModuleManager: Shutting down and abandoning module RuntimePhysXCooking (218)
[2022.08.26-06.48.26:192][ 29]LogModuleManager: Shutting down and abandoning module LocationServicesBPLibrary (214)
[2022.08.26-06.48.26:192][ 29]LogModuleManager: Shutting down and abandoning module ActorSequence (212)
[2022.08.26-06.48.26:192][ 29]LogModuleManager: Shutting down and abandoning module UdpMessaging (210)
[2022.08.26-06.48.26:193][ 29]LogModuleManager: Shutting down and abandoning module TcpMessaging (208)
[2022.08.26-06.48.26:193][ 29]LogModuleManager: Shutting down and abandoning module ImgMediaEngine (206)
[2022.08.26-06.48.26:193][ 29]LogModuleManager: Shutting down and abandoning module MagicLeapHandMeshing (204)
[2022.08.26-06.48.26:193][ 29]LogModuleManager: Shutting down and abandoning module MagicLeapSecureStorage (202)
[2022.08.26-06.48.26:193][ 29]LogModuleManager: Shutting down and abandoning module MagicLeapPrivileges (200)
[2022.08.26-06.48.26:193][ 29]LogModuleManager: Shutting down and abandoning module MagicLeapPlanes (198)
[2022.08.26-06.48.26:193][ 29]LogModuleManager: Shutting down and abandoning module MagicLeapImageTracker (196)
[2022.08.26-06.48.26:193][ 29]LogModuleManager: Shutting down and abandoning module MagicLeapIdentity (194)
[2022.08.26-06.48.26:193][ 29]LogModuleManager: Shutting down and abandoning module MagicLeapHandTracking (192)
[2022.08.26-06.48.26:193][ 29]LogModuleManager: Shutting down and abandoning module MagicLeapEyeTracker (190)
[2022.08.26-06.48.26:193][ 29]LogModuleManager: Shutting down and abandoning module MagicLeapController (188)
[2022.08.26-06.48.26:193][ 29]LogModuleManager: Shutting down and abandoning module MagicLeapARPinImpl (186)
[2022.08.26-06.48.26:193][ 29]LogModuleManager: Shutting down and abandoning module MagicLeapAR (184)
[2022.08.26-06.48.26:193][ 29]LogModuleManager: Shutting down and abandoning module MagicLeapARPin (182)
[2022.08.26-06.48.26:193][ 29]LogModuleManager: Shutting down and abandoning module FacialAnimation (180)
[2022.08.26-06.48.26:193][ 29]LogModuleManager: Shutting down and abandoning module SignificanceManager (178)
[2022.08.26-06.48.26:193][ 29]LogModuleManager: Shutting down and abandoning module AnimationSharing (176)
[2022.08.26-06.48.26:193][ 29]LogModuleManager: Shutting down and abandoning module GameplayCameras (174)
[2022.08.26-06.48.26:193][ 29]LogModuleManager: Shutting down and abandoning module LightPropagationVolumeRuntime (172)
[2022.08.26-06.48.26:193][ 29]LogModuleManager: Shutting down and abandoning module Paper2D (170)
[2022.08.26-06.48.26:193][ 29]LogModuleManager: Shutting down and abandoning module NiagaraAnimNotifies (168)
[2022.08.26-06.48.26:193][ 29]LogModuleManager: Shutting down and abandoning module Niagara (166)
[2022.08.26-06.48.26:193][ 29]LogModuleManager: Shutting down and abandoning module SignalProcessing (165)
[2022.08.26-06.48.26:193][ 29]LogModuleManager: Shutting down and abandoning module NiagaraCore (162)
[2022.08.26-06.48.26:193][ 29]LogModuleManager: Shutting down and abandoning module WindowsMoviePlayer (160)
[2022.08.26-06.48.26:194][ 29]LogModuleManager: Shutting down and abandoning module WebMMoviePlayer (158)
[2022.08.26-06.48.26:194][ 29]LogModuleManager: Shutting down and abandoning module NetworkReplayStreaming (156)
[2022.08.26-06.48.26:194][ 29]LogModuleManager: Shutting down and abandoning module PacketHandler (154)
[2022.08.26-06.48.26:194][ 29]LogModuleManager: Shutting down and abandoning module ClothingSystemRuntimeNv (152)
[2022.08.26-06.48.26:194][ 29]LogModuleManager: Shutting down and abandoning module MediaAssets (150)
[2022.08.26-06.48.26:194][ 29]LogModuleManager: Shutting down and abandoning module Overlay (148)
[2022.08.26-06.48.26:194][ 29]LogModuleManager: Shutting down and abandoning module FunctionalTesting (146)
[2022.08.26-06.48.26:194][ 29]LogModuleManager: Shutting down and abandoning module MessageLog (144)
[2022.08.26-06.48.26:195][ 29]LogModuleManager: Shutting down and abandoning module UMG (142)
[2022.08.26-06.48.26:195][ 29]LogModuleManager: Shutting down and abandoning module SlateReflector (140)
[2022.08.26-06.48.26:196][ 29]LogModuleManager: Shutting down and abandoning module Slate (138)
[2022.08.26-06.48.26:196][ 29]LogModuleManager: Shutting down and abandoning module SlateCore (136)
[2022.08.26-06.48.26:197][ 29]LogModuleManager: Shutting down and abandoning module MRMesh (134)
[2022.08.26-06.48.26:197][ 29]LogModuleManager: Shutting down and abandoning module Messaging (132)
[2022.08.26-06.48.26:197][ 29]LogModuleManager: Shutting down and abandoning module HeadMountedDisplay (130)
[2022.08.26-06.48.26:197][ 29]LogModuleManager: Shutting down and abandoning module XAudio2 (128)
[2022.08.26-06.48.26:197][ 29]LogModuleManager: Shutting down and abandoning module Networking (126)
[2022.08.26-06.48.26:197][ 29]LogModuleManager: Shutting down and abandoning module Core (124)
[2022.08.26-06.48.26:197][ 29]LogModuleManager: Shutting down and abandoning module FieldSystemEngine (122)
[2022.08.26-06.48.26:197][ 29]LogModuleManager: Shutting down and abandoning module ImageWrapper (118)
[2022.08.26-06.48.26:197][ 29]LogModuleManager: Shutting down and abandoning module D3D11RHI (116)
[2022.08.26-06.48.26:197][ 29]LogModuleManager: Shutting down and abandoning module InputCore (114)
[2022.08.26-06.48.26:197][ 29]LogModuleManager: Shutting down and abandoning module Settings (112)
[2022.08.26-06.48.26:197][ 29]LogModuleManager: Shutting down and abandoning module PhysXCooking (110)
[2022.08.26-06.48.26:197][ 29]LogModuleManager: Shutting down and abandoning module Chaos (108)
[2022.08.26-06.48.26:197][ 29]LogModuleManager: Shutting down and abandoning module WindowsPlatformFeatures (106)
[2022.08.26-06.48.26:197][ 29]LogModuleManager: Shutting down and abandoning module GameplayMediaEncoder (105)
[2022.08.26-06.48.26:197][ 29]LogModuleManager: Shutting down and abandoning module AVEncoder (104)
[2022.08.26-06.48.26:197][ 29]LogModuleManager: Shutting down and abandoning module SteamVRInputDevice (100)
[2022.08.26-06.48.26:197][ 29]LogModuleManager: Shutting down and abandoning module SteamVRInput (98)
[2022.08.26-06.48.26:197][ 29]LogModuleManager: Shutting down and abandoning module SteamVR (96)
[2022.08.26-06.48.26:197][ 29]LogHMD: Freeing OpenVRDLLHandle.
[2022.08.26-06.48.26:197][ 29]LogModuleManager: Shutting down and abandoning module OpenXRHandTracking (94)
[2022.08.26-06.48.26:197][ 29]LogSlate: Slate User Destroyed.  User Index 0, Is Virtual User: 0
[2022.08.26-06.48.26:197][ 29]LogModuleManager: Shutting down and abandoning module OpenXRAR (92)
[2022.08.26-06.48.26:197][ 29]LogModuleManager: Shutting down and abandoning module AugmentedReality (91)
[2022.08.26-06.48.26:197][ 29]LogModuleManager: Shutting down and abandoning module OpenXRHMD (88)
[2022.08.26-06.48.26:198][ 29]LogModuleManager: Shutting down and abandoning module OpenXREyeTracker (86)
[2022.08.26-06.48.26:198][ 29]LogModuleManager: Shutting down and abandoning module OculusHMD (84)
[2022.08.26-06.48.26:198][ 29]LogModuleManager: Shutting down and abandoning module ExampleDeviceProfileSelector (82)
[2022.08.26-06.48.26:198][ 29]LogModuleManager: Shutting down and abandoning module ChunkDownloader (80)
[2022.08.26-06.48.26:198][ 29]LogModuleManager: Shutting down and abandoning module LauncherChunkInstaller (78)
[2022.08.26-06.48.26:198][ 29]LogModuleManager: Shutting down and abandoning module OnlineSubsystem (74)
[2022.08.26-06.48.26:199][ 29]LogModuleManager: Shutting down and abandoning module HTTP (69)
[2022.08.26-06.48.26:199][ 29]LogHttp: Display: cleaning up 0 outstanding Http requests.
[2022.08.26-06.48.26:230][ 29]LogModuleManager: Shutting down and abandoning module SSL (68)
[2022.08.26-06.48.26:232][ 29]LogModuleManager: Shutting down and abandoning module WmfMedia (64)
[2022.08.26-06.48.26:232][ 29]LogModuleManager: Shutting down and abandoning module Media (63)
[2022.08.26-06.48.26:232][ 29]LogModuleManager: Shutting down and abandoning module MediaInfo (62)
[2022.08.26-06.48.26:232][ 29]LogModuleManager: Shutting down and abandoning module ExrReaderGpu (58)
[2022.08.26-06.48.26:232][ 29]LogModuleManager: Shutting down and abandoning module MLSDK (56)
[2022.08.26-06.48.26:232][ 29]LogModuleManager: Shutting down and abandoning module MagicLeap (54)
[2022.08.26-06.48.26:232][ 29]LogModuleManager: Shutting down and abandoning module ChaosCloth (52)
[2022.08.26-06.48.26:232][ 29]LogModuleManager: Shutting down and abandoning module VariantManagerContent (50)
[2022.08.26-06.48.26:232][ 29]LogModuleManager: Shutting down and abandoning module DatasmithContent (48)
[2022.08.26-06.48.26:232][ 29]LogModuleManager: Shutting down and abandoning module PixWinPlugin (46)
[2022.08.26-06.48.26:232][ 29]LogModuleManager: Shutting down and abandoning module AISupportModule (44)
[2022.08.26-06.48.26:232][ 29]LogModuleManager: Shutting down and abandoning module NiagaraVertexFactories (42)
[2022.08.26-06.48.26:232][ 29]LogModuleManager: Shutting down and abandoning module NiagaraShader (40)
[2022.08.26-06.48.26:232][ 29]LogModuleManager: Shutting down and abandoning module Water (38)
[2022.08.26-06.48.26:232][ 29]LogModuleManager: Shutting down and abandoning module PlatformCryptoOpenSSL (36)
[2022.08.26-06.48.26:233][ 29]LogModuleManager: Shutting down and abandoning module PlatformCryptoTypes (34)
[2022.08.26-06.48.26:233][ 29]LogModuleManager: Shutting down and abandoning module PlatformCrypto (32)
[2022.08.26-06.48.26:233][ 29]LogModuleManager: Shutting down and abandoning module OodleDataCompressionFormat (30)
[2022.08.26-06.48.26:233][ 29]LogModuleManager: Shutting down and abandoning module PythonScriptPluginPreload (28)
[2022.08.26-06.48.26:233][ 29]LogModuleManager: Shutting down and abandoning module RenderCore (26)
[2022.08.26-06.48.26:233][ 29]LogModuleManager: Shutting down and abandoning module Landscape (24)
[2022.08.26-06.48.26:233][ 29]LogModuleManager: Shutting down and abandoning module SlateRHIRenderer (22)
[2022.08.26-06.48.26:233][ 29]LogModuleManager: Shutting down and abandoning module AnimGraphRuntime (20)
[2022.08.26-06.48.26:233][ 29]LogModuleManager: Shutting down and abandoning module Renderer (18)
[2022.08.26-06.48.26:233][ 29]LogModuleManager: Shutting down and abandoning module Engine (16)
[2022.08.26-06.48.26:233][ 29]LogModuleManager: Shutting down and abandoning module CoreUObject (14)
[2022.08.26-06.48.26:233][ 29]LogModuleManager: Shutting down and abandoning module NetworkFile (12)
[2022.08.26-06.48.26:233][ 29]LogModuleManager: Shutting down and abandoning module CookedIterativeFile (10)
[2022.08.26-06.48.26:233][ 29]LogModuleManager: Shutting down and abandoning module StreamingFile (8)
[2022.08.26-06.48.26:233][ 29]LogModuleManager: Shutting down and abandoning module SandboxFile (6)
[2022.08.26-06.48.26:233][ 29]LogModuleManager: Shutting down and abandoning module PakFile (4)
[2022.08.26-06.48.26:235][ 29]LogModuleManager: Shutting down and abandoning module RSA (3)
[2022.08.26-06.48.26:235][ 29]LogContentStreaming: Display: There are 1 unreleased StreamingManagers
[2022.08.26-06.48.26:240][ 29]LogD3D11RHI: Shutdown
[2022.08.26-06.48.26:240][ 29]LogD3D11RHI: CleanupD3DDevice
[2022.08.26-06.48.26:241][ 29]LogExit: Exiting.
[2022.08.26-06.48.26:250][ 29]Log file closed, 08/26/22 14:48:26
